"../../../Engine/Content/Functions/Engine_MaterialFunctions01/Shading/PowerToRoughness.uasset" 0
"../../../Engine/Content/Functions/Engine_MaterialFunctions01/Shading/PowerToRoughness.uexp" 1
"../../../Engine/Content/Functions/Engine_MaterialFunctions01/Shading/ConvertFromDiffSpec.uasset" 2
"../../../Engine/Content/Functions/Engine_MaterialFunctions01/Shading/ConvertFromDiffSpec.uexp" 3
"../../../Engine/Content/EngineSounds/Master.uasset" 4
"../../../Engine/Content/EngineSounds/Master.uexp" 5
"../../../Engine/Content/EngineSky/T_Sky_Stars.ubulk" 6
"../../../Engine/Content/EngineSky/T_Sky_Stars.uasset" 7
"../../../Engine/Content/EngineSky/T_Sky_Stars.uexp" 8
"../../../Engine/Content/EngineSky/T_Sky_Clouds_M.ubulk" 9
"../../../Engine/Content/EngineSky/T_Sky_Clouds_M.uasset" 10
"../../../Engine/Content/EngineSky/T_Sky_Clouds_M.uexp" 11
"../../../Engine/Content/EngineSky/T_Sky_Blue.ubulk" 12
"../../../Engine/Content/EngineSky/T_Sky_Blue.uasset" 13
"../../../Engine/Content/EngineSky/T_Sky_Blue.uexp" 14
"../../../Engine/Content/EngineSky/M_Sky_Panning_Clouds2.uasset" 15
"../../../Engine/Content/EngineSky/M_Sky_Panning_Clouds2.uexp" 16
"../../../Engine/Content/EngineSky/SM_SkySphere.ubulk" 17
"../../../Engine/Content/EngineSky/SM_SkySphere.uasset" 18
"../../../Engine/Content/EngineSky/SM_SkySphere.uexp" 19
"../../../Engine/Content/EngineSky/M_SimpleSkyDome.uasset" 20
"../../../Engine/Content/EngineSky/M_SimpleSkyDome.uexp" 21
"../../../Engine/Content/EngineSky/VolumetricClouds/CloudWeatherTexture.uasset" 22
"../../../Engine/Content/EngineSky/VolumetricClouds/CloudWeatherTexture.uexp" 23
"../../../Engine/Content/Functions/Engine_MaterialFunctions02/Utility/MakeFloat2.uasset" 24
"../../../Engine/Content/Functions/Engine_MaterialFunctions02/Utility/MakeFloat2.uexp" 25
"../../../Engine/Content/EngineSky/VolumetricClouds/CloudGradientTexture.uasset" 26
"../../../Engine/Content/EngineSky/VolumetricClouds/CloudGradientTexture.uexp" 27
"../../../Engine/Content/EngineSky/VolumetricClouds/T_NoiseShape64.ubulk" 28
"../../../Engine/Content/EngineSky/VolumetricClouds/T_NoiseShape64.uasset" 29
"../../../Engine/Content/EngineSky/VolumetricClouds/T_NoiseShape64.uexp" 30
"../../../Engine/Content/EngineSky/VolumetricClouds/T_VolumeNoiseShape64.uasset" 31
"../../../Engine/Content/EngineSky/VolumetricClouds/T_VolumeNoiseShape64.uexp" 32
"../../../Engine/Content/EngineSky/VolumetricClouds/T_NoiseErosion.ubulk" 33
"../../../Engine/Content/EngineSky/VolumetricClouds/T_NoiseErosion.uasset" 34
"../../../Engine/Content/EngineSky/VolumetricClouds/T_NoiseErosion.uexp" 35
"../../../Engine/Content/EngineSky/VolumetricClouds/T_VolumeNoiseErosion32.uasset" 36
"../../../Engine/Content/EngineSky/VolumetricClouds/T_VolumeNoiseErosion32.uexp" 37
"../../../Engine/Content/EngineSky/VolumetricClouds/m_SimpleVolumetricCloud.uasset" 38
"../../../Engine/Content/EngineSky/VolumetricClouds/m_SimpleVolumetricCloud.uexp" 39
"../../../Engine/Content/EngineSky/VolumetricClouds/m_SimpleVolumetricCloud_Inst.uasset" 40
"../../../Engine/Content/EngineSky/VolumetricClouds/m_SimpleVolumetricCloud_Inst.uexp" 41
"../../../Engine/Content/EngineResources/GradientTexture0.uasset" 42
"../../../Engine/Content/EngineResources/GradientTexture0.uexp" 43
"../../../Engine/Content/EngineResources/DefaultVolumeTexture2D.uasset" 44
"../../../Engine/Content/EngineResources/DefaultVolumeTexture2D.uexp" 45
"../../../Engine/Content/EngineResources/DefaultVolumeTexture.uasset" 46
"../../../Engine/Content/EngineResources/DefaultVolumeTexture.uexp" 47
"../../../Engine/Content/EngineResources/DefaultTextureCube.uasset" 48
"../../../Engine/Content/EngineResources/DefaultTextureCube.uexp" 49
"../../../Engine/Content/EngineResources/DefaultTexture.ubulk" 50
"../../../Engine/Content/EngineResources/DefaultTexture.uasset" 51
"../../../Engine/Content/EngineResources/DefaultTexture.uexp" 52
"../../../Engine/Content/EngineResources/Black.uasset" 53
"../../../Engine/Content/EngineResources/Black.uexp" 54
"../../../Engine/Content/EngineResources/FilmGrains/Marcie_Grain_v3_128_M2_000.uasset" 55
"../../../Engine/Content/EngineResources/FilmGrains/Marcie_Grain_v3_128_M2_000.uexp" 56
"../../../Engine/Content/EngineMeshes/Sphere.ubulk" 57
"../../../Engine/Content/EngineMeshes/Sphere.uasset" 58
"../../../Engine/Content/EngineMeshes/Sphere.uexp" 59
"../../../Engine/Content/EngineResources/WhiteSquareTexture.uasset" 60
"../../../Engine/Content/EngineResources/WhiteSquareTexture.uexp" 61
"../../../Engine/Content/EngineMaterials/Widget3DPassThrough.uasset" 62
"../../../Engine/Content/EngineMaterials/Widget3DPassThrough.uexp" 63
"../../../Engine/Content/EngineMaterials/Widget3DPassThrough_Translucent.uasset" 64
"../../../Engine/Content/EngineMaterials/Widget3DPassThrough_Translucent.uexp" 65
"../../../Engine/Content/EngineMaterials/Widget3DPassThrough_Translucent_OneSided.uasset" 66
"../../../Engine/Content/EngineMaterials/Widget3DPassThrough_Translucent_OneSided.uexp" 67
"../../../Engine/Content/EngineMaterials/Widget3DPassThrough_Opaque.uasset" 68
"../../../Engine/Content/EngineMaterials/Widget3DPassThrough_Opaque.uexp" 69
"../../../Engine/Content/EngineMaterials/Widget3DPassThrough_Opaque_OneSided.uasset" 70
"../../../Engine/Content/EngineMaterials/Widget3DPassThrough_Opaque_OneSided.uexp" 71
"../../../Engine/Content/EngineMaterials/Widget3DPassThrough_Masked_OneSided.uasset" 72
"../../../Engine/Content/EngineMaterials/Widget3DPassThrough_Masked_OneSided.uexp" 73
"../../../Engine/Content/EngineMaterials/Widget3DPassThrough_Masked.uasset" 74
"../../../Engine/Content/EngineMaterials/Widget3DPassThrough_Masked.uexp" 75
"../../../Engine/Content/EngineMaterials/WeightMapPlaceholderTexture.uasset" 76
"../../../Engine/Content/EngineMaterials/WeightMapPlaceholderTexture.uexp" 77
"../../../Engine/Content/EngineMaterials/RemoveSurfaceMaterial.uasset" 78
"../../../Engine/Content/EngineMaterials/RemoveSurfaceMaterial.uexp" 79
"../../../Engine/Content/EngineMaterials/PreintegratedSkinBRDF.uasset" 80
"../../../Engine/Content/EngineMaterials/PreintegratedSkinBRDF.uexp" 81
"../../../Engine/Content/EngineMaterials/DefaultCalibrationGrayscale.uasset" 82
"../../../Engine/Content/EngineMaterials/DefaultCalibrationGrayscale.uexp" 83
"../../../Engine/Content/EngineMaterials/PPM_DefaultCalibrationGrayscale.uasset" 84
"../../../Engine/Content/EngineMaterials/PPM_DefaultCalibrationGrayscale.uexp" 85
"../../../Engine/Content/EngineMaterials/DefaultCalibrationColor.uasset" 86
"../../../Engine/Content/EngineMaterials/DefaultCalibrationColor.uexp" 87
"../../../Engine/Content/EngineMaterials/PPM_DefaultCalibrationColor.uasset" 88
"../../../Engine/Content/EngineMaterials/PPM_DefaultCalibrationColor.uexp" 89
"../../../Engine/Content/Functions/Engine_MaterialFunctions02/WorldPositionOffset/CameraOffset.uasset" 90
"../../../Engine/Content/Functions/Engine_MaterialFunctions02/WorldPositionOffset/CameraOffset.uexp" 91
"../../../Engine/Content/EngineMaterials/PhAT_JointLimitMaterial.uasset" 92
"../../../Engine/Content/EngineMaterials/PhAT_JointLimitMaterial.uexp" 93
"../../../Engine/Content/EngineMaterials/InvalidLightmapSettings.ubulk" 94
"../../../Engine/Content/EngineMaterials/InvalidLightmapSettings.uasset" 95
"../../../Engine/Content/EngineMaterials/InvalidLightmapSettings.uexp" 96
"../../../Engine/Content/EngineMaterials/M_InvalidLightmapSettings.uasset" 97
"../../../Engine/Content/EngineMaterials/M_InvalidLightmapSettings.uexp" 98
"../../../Engine/Content/EngineMaterials/MiniFont.uasset" 99
"../../../Engine/Content/EngineMaterials/MiniFont.uexp" 100
"../../../Engine/Content/EngineMaterials/Good64x64TilingNoiseHighFreq.uasset" 101
"../../../Engine/Content/EngineMaterials/Good64x64TilingNoiseHighFreq.uexp" 102
"../../../Engine/Content/EngineMaterials/GizmoMaterial.uasset" 103
"../../../Engine/Content/EngineMaterials/GizmoMaterial.uexp" 104
"../../../Engine/Content/EngineMaterials/BaseFlattenEmissiveMap_VT.uasset" 105
"../../../Engine/Content/EngineMaterials/BaseFlattenEmissiveMap_VT.uexp" 106
"../../../Engine/Content/EngineMaterials/BaseFlattenGrayscaleMap_VT.uasset" 107
"../../../Engine/Content/EngineMaterials/BaseFlattenGrayscaleMap_VT.uexp" 108
"../../../Engine/Content/EngineMaterials/BaseFlattenLinearColor_VT.uasset" 109
"../../../Engine/Content/EngineMaterials/BaseFlattenLinearColor_VT.uexp" 110
"../../../Engine/Content/EngineMaterials/Black_1x1_EXR_Texture_VT.uasset" 111
"../../../Engine/Content/EngineMaterials/Black_1x1_EXR_Texture_VT.uexp" 112
"../../../Engine/Content/EngineMaterials/BaseFlattenDiffuseMap_VT.uasset" 113
"../../../Engine/Content/EngineMaterials/BaseFlattenDiffuseMap_VT.uexp" 114
"../../../Engine/Content/EngineMaterials/BaseFlattenNormalMap_VT.uasset" 115
"../../../Engine/Content/EngineMaterials/BaseFlattenNormalMap_VT.uexp" 116
"../../../Engine/Content/EngineMaterials/FlattenMaterial_WS_Normal_VT.uasset" 117
"../../../Engine/Content/EngineMaterials/FlattenMaterial_WS_Normal_VT.uexp" 118
"../../../Engine/Content/EngineMaterials/FlattenMaterial_VT.uasset" 119
"../../../Engine/Content/EngineMaterials/FlattenMaterial_VT.uexp" 120
"../../../Engine/Content/EngineMaterials/BaseFlattenNormalMap.uasset" 121
"../../../Engine/Content/EngineMaterials/BaseFlattenNormalMap.uexp" 122
"../../../Engine/Content/EngineMaterials/BaseFlattenGrayscaleMap.uasset" 123
"../../../Engine/Content/EngineMaterials/BaseFlattenGrayscaleMap.uexp" 124
"../../../Engine/Content/EngineMaterials/BaseFlattenDiffuseMap.uasset" 125
"../../../Engine/Content/EngineMaterials/BaseFlattenDiffuseMap.uexp" 126
"../../../Engine/Content/Functions/Engine_MaterialFunctions02/PivotPainter2/Black_1x1_EXR_Texture.uasset" 127
"../../../Engine/Content/Functions/Engine_MaterialFunctions02/PivotPainter2/Black_1x1_EXR_Texture.uexp" 128
"../../../Engine/Content/EngineMaterials/BaseFlattenEmissiveMap.uasset" 129
"../../../Engine/Content/EngineMaterials/BaseFlattenEmissiveMap.uexp" 130
"../../../Engine/Content/EngineMaterials/BaseFlattenLinearColor.uasset" 131
"../../../Engine/Content/EngineMaterials/BaseFlattenLinearColor.uexp" 132
"../../../Engine/Content/EngineMaterials/FlattenMaterial.uasset" 133
"../../../Engine/Content/EngineMaterials/FlattenMaterial.uexp" 134
"../../../Engine/Content/EngineMaterials/DefaultWhiteGrid_Low.uasset" 135
"../../../Engine/Content/EngineMaterials/DefaultWhiteGrid_Low.uexp" 136
"../../../Engine/Content/EngineMaterials/EmissiveMeshMaterial.uasset" 137
"../../../Engine/Content/EngineMaterials/EmissiveMeshMaterial.uexp" 138
"../../../Engine/Content/EngineMaterials/DefaultWhiteGrid.ubulk" 139
"../../../Engine/Content/EngineMaterials/DefaultWhiteGrid.uasset" 140
"../../../Engine/Content/EngineMaterials/DefaultWhiteGrid.uexp" 141
"../../../Engine/Content/EngineFonts/RobotoDistanceField.uasset" 142
"../../../Engine/Content/EngineFonts/RobotoDistanceField.uexp" 143
"../../../Engine/Content/EngineMaterials/DefaultTextMaterialOpaque.uasset" 144
"../../../Engine/Content/EngineMaterials/DefaultTextMaterialOpaque.uexp" 145
"../../../Engine/Content/EngineMaterials/DefaultDiffuse.ubulk" 146
"../../../Engine/Content/EngineMaterials/DefaultDiffuse.uasset" 147
"../../../Engine/Content/EngineMaterials/DefaultDiffuse.uexp" 148
"../../../Engine/Content/Functions/Engine_MaterialFunctions02/Utility/BreakOutFloat2Components.uasset" 149
"../../../Engine/Content/Functions/Engine_MaterialFunctions02/Utility/BreakOutFloat2Components.uexp" 150
"../../../Engine/Content/EngineMaterials/DefaultPostProcessMaterial.uasset" 151
"../../../Engine/Content/EngineMaterials/DefaultPostProcessMaterial.uexp" 152
"../../../Engine/Content/EngineMaterials/DefaultPhysicalMaterial.uasset" 153
"../../../Engine/Content/EngineMaterials/DefaultPhysicalMaterial.uexp" 154
"../../../Engine/Content/EngineMaterials/DefaultLightFunctionMaterial.uasset" 155
"../../../Engine/Content/EngineMaterials/DefaultLightFunctionMaterial.uexp" 156
"../../../Engine/Content/EngineMaterials/DefaultDestructiblePhysicalMaterial.uasset" 157
"../../../Engine/Content/EngineMaterials/DefaultDestructiblePhysicalMaterial.uexp" 158
"../../../Engine/Content/EngineMaterials/DefaultDeferredDecalMaterial.uasset" 159
"../../../Engine/Content/EngineMaterials/DefaultDeferredDecalMaterial.uexp" 160
"../../../Engine/Content/EngineMaterials/DefaultBokeh.uasset" 161
"../../../Engine/Content/EngineMaterials/DefaultBokeh.uexp" 162
"../../../Engine/Content/EngineMaterials/DefaultBloomKernel.uasset" 163
"../../../Engine/Content/EngineMaterials/DefaultBloomKernel.uexp" 164
"../../../Engine/Content/EngineMaterials/BlueNoise.uasset" 165
"../../../Engine/Content/EngineMaterials/BlueNoise.uexp" 166
"../../../Engine/Content/EngineFonts/Faces/RobotoLight.uexp" 167
"../../../Engine/Content/EngineFonts/Faces/RobotoLight.uasset" 168
"../../../Engine/Content/EngineFonts/Faces/RobotoLight.ufont" 169
"../../../Engine/Content/EngineFonts/Faces/RobotoBold.uexp" 170
"../../../Engine/Content/EngineFonts/Faces/RobotoBold.uasset" 171
"../../../Engine/Content/EngineFonts/Faces/RobotoBold.ufont" 172
"../../../Engine/Content/EngineFonts/Faces/RobotoRegular.uexp" 173
"../../../Engine/Content/EngineFonts/Faces/RobotoRegular.uasset" 174
"../../../Engine/Content/EngineFonts/Faces/RobotoRegular.ufont" 175
"../../../Engine/Content/EngineFonts/Faces/DroidSansFallback.uexp" 176
"../../../Engine/Content/EngineFonts/Faces/DroidSansFallback.uasset" 177
"../../../Engine/Content/EngineFonts/Faces/DroidSansFallback.ufont" 178
"../../../Engine/Content/EngineFonts/Faces/RobotoItalic.uexp" 179
"../../../Engine/Content/EngineFonts/Faces/RobotoItalic.uasset" 180
"../../../Engine/Content/EngineFonts/Faces/RobotoItalic.ufont" 181
"../../../Engine/Content/EngineFonts/Faces/RobotoBoldItalic.uexp" 182
"../../../Engine/Content/EngineFonts/Faces/RobotoBoldItalic.uasset" 183
"../../../Engine/Content/EngineFonts/Faces/RobotoBoldItalic.ufont" 184
"../../../Engine/Content/EngineFonts/Roboto.uasset" 185
"../../../Engine/Content/EngineFonts/Roboto.uexp" 186
"../../../Engine/Content/Functions/Engine_MaterialFunctions02/Utility/CameraDirectionVector.uasset" 187
"../../../Engine/Content/Functions/Engine_MaterialFunctions02/Utility/CameraDirectionVector.uexp" 188
"../../../Engine/Content/EngineDebugMaterials/VolumeToRender.uasset" 189
"../../../Engine/Content/EngineDebugMaterials/VolumeToRender.uexp" 190
"../../../Engine/Content/EngineDebugMaterials/M_VolumeRenderSphereTracePP.uasset" 191
"../../../Engine/Content/EngineDebugMaterials/M_VolumeRenderSphereTracePP.uexp" 192
"../../../Engine/Content/EngineDebugMaterials/M_SimpleUnlitTranslucent.uasset" 193
"../../../Engine/Content/EngineDebugMaterials/M_SimpleUnlitTranslucent.uexp" 194
"../../../Engine/Content/EngineDebugMaterials/DebugMeshMaterial.uasset" 195
"../../../Engine/Content/EngineDebugMaterials/DebugMeshMaterial.uexp" 196
"../../../Engine/Content/EngineDebugMaterials/DebugEditorMaterial.uasset" 197
"../../../Engine/Content/EngineDebugMaterials/DebugEditorMaterial.uexp" 198
"../../../Engine/Content/EngineDamageTypes/DmgTypeBP_Environmental.uasset" 199
"../../../Engine/Content/EngineDamageTypes/DmgTypeBP_Environmental.uexp" 200
"../../../Engine/Content/EditorResources/S_TriggerSphere.uasset" 201
"../../../Engine/Content/EditorResources/S_TriggerSphere.uexp" 202
"../../../Engine/Content/EditorResources/S_TriggerCapsule.uasset" 203
"../../../Engine/Content/EditorResources/S_TriggerCapsule.uexp" 204
"../../../Engine/Content/EditorResources/S_TriggerBox.uasset" 205
"../../../Engine/Content/EditorResources/S_TriggerBox.uexp" 206
"../../../Engine/Content/EditorResources/S_Trigger.ubulk" 207
"../../../Engine/Content/EditorResources/S_Trigger.uasset" 208
"../../../Engine/Content/EditorResources/S_Trigger.uexp" 209
"../../../Engine/Content/EditorResources/S_Terrain.ubulk" 210
"../../../Engine/Content/EditorResources/S_Terrain.uasset" 211
"../../../Engine/Content/EditorResources/S_Terrain.uexp" 212
"../../../Engine/Content/EditorResources/S_Solver.ubulk" 213
"../../../Engine/Content/EditorResources/S_Solver.uasset" 214
"../../../Engine/Content/EditorResources/S_Solver.uexp" 215
"../../../Engine/Content/EditorResources/S_BoxReflectionCapture.uasset" 216
"../../../Engine/Content/EditorResources/S_BoxReflectionCapture.uexp" 217
"../../../Engine/Content/EditorResources/S_Actor.ubulk" 218
"../../../Engine/Content/EditorResources/S_Actor.uasset" 219
"../../../Engine/Content/EditorResources/S_Actor.uexp" 220
"../../../Engine/Content/EditorResources/EmptyActor.uasset" 221
"../../../Engine/Content/EditorResources/EmptyActor.uexp" 222
"../../../Engine/Content/EditorResources/BSPVertex.uasset" 223
"../../../Engine/Content/EditorResources/BSPVertex.uexp" 224
"../../../Engine/Content/EditorResources/SequenceRecorder/RecordingIndicator.uasset" 225
"../../../Engine/Content/EditorResources/SequenceRecorder/RecordingIndicator.uexp" 226
"../../../Engine/Content/EditorResources/SequenceRecorder/Countdown.uasset" 227
"../../../Engine/Content/EditorResources/SequenceRecorder/Countdown.uexp" 228
"../../../Engine/Content/EditorMaterials/Camera/CineMat.uasset" 229
"../../../Engine/Content/EditorMaterials/Camera/CineMat.uexp" 230
"../../../Engine/Content/EditorMaterials/Camera/MI_CineMat_Rig.uasset" 231
"../../../Engine/Content/EditorMaterials/Camera/MI_CineMat_Rig.uexp" 232
"../../../Engine/Content/EditorMeshes/Camera/SM_RailRig_Track.ubulk" 233
"../../../Engine/Content/EditorMeshes/Camera/SM_RailRig_Track.uasset" 234
"../../../Engine/Content/EditorMeshes/Camera/SM_RailRig_Track.uexp" 235
"../../../Engine/Content/EditorMeshes/Camera/SM_RailRig_Mount.ubulk" 236
"../../../Engine/Content/EditorMeshes/Camera/SM_RailRig_Mount.uasset" 237
"../../../Engine/Content/EditorMeshes/Camera/SM_RailRig_Mount.uexp" 238
"../../../Engine/Content/EditorMeshes/Camera/SM_CraneRig_Mount.ubulk" 239
"../../../Engine/Content/EditorMeshes/Camera/SM_CraneRig_Mount.uasset" 240
"../../../Engine/Content/EditorMeshes/Camera/SM_CraneRig_Mount.uexp" 241
"../../../Engine/Content/EditorMeshes/Camera/SM_CraneRig_Body.ubulk" 242
"../../../Engine/Content/EditorMeshes/Camera/SM_CraneRig_Body.uasset" 243
"../../../Engine/Content/EditorMeshes/Camera/SM_CraneRig_Body.uexp" 244
"../../../Engine/Content/EditorMeshes/Camera/SM_CraneRig_Base.ubulk" 245
"../../../Engine/Content/EditorMeshes/Camera/SM_CraneRig_Base.uasset" 246
"../../../Engine/Content/EditorMeshes/Camera/SM_CraneRig_Base.uexp" 247
"../../../Engine/Content/EditorMeshes/Camera/SM_CraneRig_Arm.ubulk" 248
"../../../Engine/Content/EditorMeshes/Camera/SM_CraneRig_Arm.uasset" 249
"../../../Engine/Content/EditorMeshes/Camera/SM_CraneRig_Arm.uexp" 250
"../../../Engine/Content/EditorMaterials/PreviewShadowIndicator.ubulk" 251
"../../../Engine/Content/EditorMaterials/PreviewShadowIndicator.uasset" 252
"../../../Engine/Content/EditorMaterials/PreviewShadowIndicator.uexp" 253
"../../../Engine/Content/EditorMaterials/PreviewShadowIndicatorMaterial.uasset" 254
"../../../Engine/Content/EditorMaterials/PreviewShadowIndicatorMaterial.uexp" 255
"../../../Engine/Content/EditorMaterials/MAT_Groups_Visibility.uasset" 256
"../../../Engine/Content/EditorMaterials/MAT_Groups_Visibility.uexp" 257
"../../../Engine/Content/EditorMaterials/MAT_Groups_Toggle.uasset" 258
"../../../Engine/Content/EditorMaterials/MAT_Groups_Toggle.uexp" 259
"../../../Engine/Content/Functions/Engine_MaterialFunctions02/Utility/MakeFloat4.uasset" 260
"../../../Engine/Content/Functions/Engine_MaterialFunctions02/Utility/MakeFloat4.uexp" 261
"../../../Engine/Content/Functions/Engine_MaterialFunctions02/Utility/MakeFloat3.uasset" 262
"../../../Engine/Content/Functions/Engine_MaterialFunctions02/Utility/MakeFloat3.uexp" 263
"../../../Engine/Content/Functions/Engine_MaterialFunctions02/Utility/BreakOutFloat3Components.uasset" 264
"../../../Engine/Content/Functions/Engine_MaterialFunctions02/Utility/BreakOutFloat3Components.uexp" 265
"../../../Engine/Content/EditorMaterials/WorldPartition/WorldPartitionSpatialHashGridPreviewMaterial.uasset" 266
"../../../Engine/Content/EditorMaterials/WorldPartition/WorldPartitionSpatialHashGridPreviewMaterial.uexp" 267
"../../../Engine/Content/EditorMaterials/ParticleSystems/PSysThumbnail_OOD.ubulk" 268
"../../../Engine/Content/EditorMaterials/ParticleSystems/PSysThumbnail_OOD.uasset" 269
"../../../Engine/Content/EditorMaterials/ParticleSystems/PSysThumbnail_OOD.uexp" 270
"../../../Engine/Content/EditorMaterials/ParticleSystems/PSysThumbnail_NoImage.ubulk" 271
"../../../Engine/Content/EditorMaterials/ParticleSystems/PSysThumbnail_NoImage.uasset" 272
"../../../Engine/Content/EditorMaterials/ParticleSystems/PSysThumbnail_NoImage.uexp" 273
"../../../Engine/Content/EditorMaterials/MatineeGroups/MAT_Groups_Vector.uasset" 274
"../../../Engine/Content/EditorMaterials/MatineeGroups/MAT_Groups_Vector.uexp" 275
"../../../Engine/Content/EditorMaterials/MatineeGroups/MAT_Groups_Sound.uasset" 276
"../../../Engine/Content/EditorMaterials/MatineeGroups/MAT_Groups_Sound.uexp" 277
"../../../Engine/Content/EditorMaterials/MatineeGroups/MAT_Groups_Slomo.uasset" 278
"../../../Engine/Content/EditorMaterials/MatineeGroups/MAT_Groups_Slomo.uexp" 279
"../../../Engine/Content/EditorMaterials/MatineeGroups/MAT_Groups_Move.uasset" 280
"../../../Engine/Content/EditorMaterials/MatineeGroups/MAT_Groups_Move.uexp" 281
"../../../Engine/Content/EditorMaterials/MatineeGroups/MAT_Groups_Float.uasset" 282
"../../../Engine/Content/EditorMaterials/MatineeGroups/MAT_Groups_Float.uexp" 283
"../../../Engine/Content/EditorMaterials/MatineeGroups/MAT_Groups_Fade.uasset" 284
"../../../Engine/Content/EditorMaterials/MatineeGroups/MAT_Groups_Fade.uexp" 285
"../../../Engine/Content/EditorMaterials/MatineeGroups/MAT_Groups_Event.uasset" 286
"../../../Engine/Content/EditorMaterials/MatineeGroups/MAT_Groups_Event.uexp" 287
"../../../Engine/Content/EditorMaterials/MatineeGroups/MAT_Groups_Director.uasset" 288
"../../../Engine/Content/EditorMaterials/MatineeGroups/MAT_Groups_Director.uexp" 289
"../../../Engine/Content/EditorMaterials/MatineeGroups/MAT_Groups_AudioMaster.uasset" 290
"../../../Engine/Content/EditorMaterials/MatineeGroups/MAT_Groups_AudioMaster.uexp" 291
"../../../Engine/Content/EditorMaterials/MatineeGroups/MAT_Groups_Anim.uasset" 292
"../../../Engine/Content/EditorMaterials/MatineeGroups/MAT_Groups_Anim.uexp" 293
"../../../Engine/Content/EditorMaterials/MatineeGroups/MAT_ColorTrack.uasset" 294
"../../../Engine/Content/EditorMaterials/MatineeGroups/MAT_ColorTrack.uexp" 295
"../../../Engine/Content/EditorLandscapeResources/DefaultAlphaTexture.uasset" 296
"../../../Engine/Content/EditorLandscapeResources/DefaultAlphaTexture.uexp" 297
"../../../Engine/Content/EditorLandscapeResources/DataLayer.uasset" 298
"../../../Engine/Content/EditorLandscapeResources/DataLayer.uexp" 299
"../../../Engine/Content/EngineMaterials/T_Default_Material_Grid_M.ubulk" 300
"../../../Engine/Content/EngineMaterials/T_Default_Material_Grid_M.uasset" 301
"../../../Engine/Content/EngineMaterials/T_Default_Material_Grid_M.uexp" 302
"../../../Engine/Content/EngineMaterials/T_Default_Material_Grid_N.ubulk" 303
"../../../Engine/Content/EngineMaterials/T_Default_Material_Grid_N.uasset" 304
"../../../Engine/Content/EngineMaterials/T_Default_Material_Grid_N.uexp" 305
"../../../Engine/Content/Functions/Engine_MaterialFunctions01/Opacity/CameraDepthFade.uasset" 306
"../../../Engine/Content/Functions/Engine_MaterialFunctions01/Opacity/CameraDepthFade.uexp" 307
"../../../Engine/Content/EngineMaterials/DefaultMaterial.uasset" 308
"../../../Engine/Content/EngineMaterials/DefaultMaterial.uexp" 309
"../../../Engine/Content/BasicShapes/Sphere.ubulk" 310
"../../../Engine/Content/BasicShapes/Sphere.uasset" 311
"../../../Engine/Content/BasicShapes/Sphere.uexp" 312
"../../../Engine/Content/EngineMaterials/WorldGridMaterial.uasset" 313
"../../../Engine/Content/EngineMaterials/WorldGridMaterial.uexp" 314
"../../../Engine/Content/BasicShapes/Plane.ubulk" 315
"../../../Engine/Content/BasicShapes/Plane.uasset" 316
"../../../Engine/Content/BasicShapes/Plane.uexp" 317
"../../../Engine/Content/BasicShapes/Cylinder.ubulk" 318
"../../../Engine/Content/BasicShapes/Cylinder.uasset" 319
"../../../Engine/Content/BasicShapes/Cylinder.uexp" 320
"../../../Engine/Content/BasicShapes/Cube.ubulk" 321
"../../../Engine/Content/BasicShapes/Cube.uasset" 322
"../../../Engine/Content/BasicShapes/Cube.uexp" 323
"../../../Engine/Content/BasicShapes/Cone.ubulk" 324
"../../../Engine/Content/BasicShapes/Cone.uasset" 325
"../../../Engine/Content/BasicShapes/Cone.uexp" 326
"../../../Engine/Content/ArtTools/RenderToTexture/Meshes/S_1_Unit_Plane.ubulk" 327
"../../../Engine/Content/ArtTools/RenderToTexture/Meshes/S_1_Unit_Plane.uasset" 328
"../../../Engine/Content/ArtTools/RenderToTexture/Meshes/S_1_Unit_Plane.uexp" 329
"../../../Engine/Content/MobileResources/HUD/VirtualJoystick_Background.uasset" 330
"../../../Engine/Content/MobileResources/HUD/VirtualJoystick_Background.uexp" 331
"../../../Engine/Content/MobileResources/HUD/VirtualJoystick_Thumb.uasset" 332
"../../../Engine/Content/MobileResources/HUD/VirtualJoystick_Thumb.uexp" 333
"../../../Engine/Content/MobileResources/HUD/DefaultVirtualJoysticks.uasset" 334
"../../../Engine/Content/MobileResources/HUD/DefaultVirtualJoysticks.uexp" 335
"../../../Engine/Content/Tutorial/ContentIntroCurve.uasset" 336
"../../../Engine/Content/Tutorial/ContentIntroCurve.uexp" 337
"../../../Engine/Content/VREditor/TransformGizmo/Main.uasset" 338
"../../../Engine/Content/VREditor/TransformGizmo/Main.uexp" 339
"../../../Engine/Content/VREditor/TransformGizmo/Xray.uasset" 340
"../../../Engine/Content/VREditor/TransformGizmo/Xray.uexp" 341
"../../../Engine/Content/VREditor/TransformGizmo/SM_Sequencer_Node.ubulk" 342
"../../../Engine/Content/VREditor/TransformGizmo/SM_Sequencer_Node.uasset" 343
"../../../Engine/Content/VREditor/TransformGizmo/SM_Sequencer_Node.uexp" 344
"../../../Engine/Content/VREditor/LaserPointer/VR_LaserPower_01.ubulk" 345
"../../../Engine/Content/VREditor/LaserPointer/VR_LaserPower_01.uasset" 346
"../../../Engine/Content/VREditor/LaserPointer/VR_LaserPower_01.uexp" 347
"../../../Engine/Content/VREditor/TransformGizmo/TransformGizmoMaterial.uasset" 348
"../../../Engine/Content/VREditor/TransformGizmo/TransformGizmoMaterial.uexp" 349
"../../../Engine/Content/VREditor/TransformGizmo/TranslucentTransformGizmoMaterial.uasset" 350
"../../../Engine/Content/VREditor/TransformGizmo/TranslucentTransformGizmoMaterial.uexp" 351
"../../../Engine/Content/VREditor/TransformGizmo/PlaneTranslationHandle.ubulk" 352
"../../../Engine/Content/VREditor/TransformGizmo/PlaneTranslationHandle.uasset" 353
"../../../Engine/Content/VREditor/TransformGizmo/PlaneTranslationHandle.uexp" 354
"../../../Engine/Content/VREditor/TransformGizmo/BoundingBoxEdge.ubulk" 355
"../../../Engine/Content/VREditor/TransformGizmo/BoundingBoxEdge.uasset" 356
"../../../Engine/Content/VREditor/TransformGizmo/BoundingBoxEdge.uexp" 357
"../../../Engine/Content/VREditor/TransformGizmo/BoundingBoxCorner.ubulk" 358
"../../../Engine/Content/VREditor/TransformGizmo/BoundingBoxCorner.uasset" 359
"../../../Engine/Content/VREditor/TransformGizmo/BoundingBoxCorner.uexp" 360
"../../../Engine/Plugins/2D/Paper2D/Content/PlaceholderTextures/DummySpriteTexture.ubulk" 361
"../../../Engine/Plugins/2D/Paper2D/Content/PlaceholderTextures/DummySpriteTexture.uasset" 362
"../../../Engine/Plugins/2D/Paper2D/Content/PlaceholderTextures/DummySpriteTexture.uexp" 363
"../../../Engine/Plugins/2D/Paper2D/Content/DefaultSpriteMaterial.uasset" 364
"../../../Engine/Plugins/2D/Paper2D/Content/DefaultSpriteMaterial.uexp" 365
"../../../Engine/Plugins/2D/Paper2D/Content/OpaqueUnlitSpriteMaterial.uasset" 366
"../../../Engine/Plugins/2D/Paper2D/Content/OpaqueUnlitSpriteMaterial.uexp" 367
"../../../Engine/Plugins/2D/Paper2D/Content/MaskedUnlitSpriteMaterial.uasset" 368
"../../../Engine/Plugins/2D/Paper2D/Content/MaskedUnlitSpriteMaterial.uexp" 369
"../../../Engine/Plugins/2D/Paper2D/Content/DummySprite.uasset" 370
"../../../Engine/Plugins/2D/Paper2D/Content/DummySprite.uexp" 371
"../../../Engine/Plugins/2D/Paper2D/Content/DefaultPaperTerrainMaterial.uasset" 372
"../../../Engine/Plugins/2D/Paper2D/Content/DefaultPaperTerrainMaterial.uexp" 373
"../../../Engine/Plugins/Animation/ControlRig/Content/M_Manip.uasset" 374
"../../../Engine/Plugins/Animation/ControlRig/Content/M_Manip.uexp" 375
"../../../Engine/Plugins/Animation/ControlRig/Content/Controls/DefaultGizmoLibraryNormalized.uasset" 376
"../../../Engine/Plugins/Animation/ControlRig/Content/Controls/DefaultGizmoLibraryNormalized.uexp" 377
"../../../Engine/Plugins/Animation/ControlRig/Content/Controls/ControlRig_Wedge_solid.ubulk" 378
"../../../Engine/Plugins/Animation/ControlRig/Content/Controls/ControlRig_Wedge_solid.uasset" 379
"../../../Engine/Plugins/Animation/ControlRig/Content/Controls/ControlRig_Wedge_solid.uexp" 380
"../../../Engine/Plugins/Animation/ControlRig/Content/Controls/ControlRig_Wedge_3mm.ubulk" 381
"../../../Engine/Plugins/Animation/ControlRig/Content/Controls/ControlRig_Wedge_3mm.uasset" 382
"../../../Engine/Plugins/Animation/ControlRig/Content/Controls/ControlRig_Wedge_3mm.uexp" 383
"../../../Engine/Plugins/Animation/ControlRig/Content/Controls/ControlRig_Wedge_1mm.ubulk" 384
"../../../Engine/Plugins/Animation/ControlRig/Content/Controls/ControlRig_Wedge_1mm.uasset" 385
"../../../Engine/Plugins/Animation/ControlRig/Content/Controls/ControlRig_Wedge_1mm.uexp" 386
"../../../Engine/Plugins/Animation/ControlRig/Content/Controls/ControlRig_Triangle_solid.ubulk" 387
"../../../Engine/Plugins/Animation/ControlRig/Content/Controls/ControlRig_Triangle_solid.uasset" 388
"../../../Engine/Plugins/Animation/ControlRig/Content/Controls/ControlRig_Triangle_solid.uexp" 389
"../../../Engine/Plugins/Animation/ControlRig/Content/Controls/ControlRig_Triangle_3mm.ubulk" 390
"../../../Engine/Plugins/Animation/ControlRig/Content/Controls/ControlRig_Triangle_3mm.uasset" 391
"../../../Engine/Plugins/Animation/ControlRig/Content/Controls/ControlRig_Triangle_3mm.uexp" 392
"../../../Engine/Plugins/Animation/ControlRig/Content/Controls/ControlRig_Triangle_1mm.ubulk" 393
"../../../Engine/Plugins/Animation/ControlRig/Content/Controls/ControlRig_Triangle_1mm.uasset" 394
"../../../Engine/Plugins/Animation/ControlRig/Content/Controls/ControlRig_Triangle_1mm.uexp" 395
"../../../Engine/Plugins/Animation/ControlRig/Content/Controls/ControlRig_Star4_solid.ubulk" 396
"../../../Engine/Plugins/Animation/ControlRig/Content/Controls/ControlRig_Star4_solid.uasset" 397
"../../../Engine/Plugins/Animation/ControlRig/Content/Controls/ControlRig_Star4_solid.uexp" 398
"../../../Engine/Plugins/Animation/ControlRig/Content/Controls/ControlRig_Star4_3mm.ubulk" 399
"../../../Engine/Plugins/Animation/ControlRig/Content/Controls/ControlRig_Star4_3mm.uasset" 400
"../../../Engine/Plugins/Animation/ControlRig/Content/Controls/ControlRig_Star4_3mm.uexp" 401
"../../../Engine/Plugins/Animation/ControlRig/Content/Controls/ControlRig_Star4_1mm.ubulk" 402
"../../../Engine/Plugins/Animation/ControlRig/Content/Controls/ControlRig_Star4_1mm.uasset" 403
"../../../Engine/Plugins/Animation/ControlRig/Content/Controls/ControlRig_Star4_1mm.uexp" 404
"../../../Engine/Plugins/Animation/ControlRig/Content/Controls/ControlRig_Square_solid.ubulk" 405
"../../../Engine/Plugins/Animation/ControlRig/Content/Controls/ControlRig_Square_solid.uasset" 406
"../../../Engine/Plugins/Animation/ControlRig/Content/Controls/ControlRig_Square_solid.uexp" 407
"../../../Engine/Plugins/Animation/ControlRig/Content/Controls/ControlRig_Square_3mm.ubulk" 408
"../../../Engine/Plugins/Animation/ControlRig/Content/Controls/ControlRig_Square_3mm.uasset" 409
"../../../Engine/Plugins/Animation/ControlRig/Content/Controls/ControlRig_Square_3mm.uexp" 410
"../../../Engine/Plugins/Animation/ControlRig/Content/Controls/ControlRig_Square_1mm.ubulk" 411
"../../../Engine/Plugins/Animation/ControlRig/Content/Controls/ControlRig_Square_1mm.uasset" 412
"../../../Engine/Plugins/Animation/ControlRig/Content/Controls/ControlRig_Square_1mm.uexp" 413
"../../../Engine/Plugins/Animation/ControlRig/Content/Controls/ControlRig_Sphere_solid.ubulk" 414
"../../../Engine/Plugins/Animation/ControlRig/Content/Controls/ControlRig_Sphere_solid.uasset" 415
"../../../Engine/Plugins/Animation/ControlRig/Content/Controls/ControlRig_Sphere_solid.uexp" 416
"../../../Engine/Plugins/Animation/ControlRig/Content/Controls/ControlRig_Sphere_3mm.ubulk" 417
"../../../Engine/Plugins/Animation/ControlRig/Content/Controls/ControlRig_Sphere_3mm.uasset" 418
"../../../Engine/Plugins/Animation/ControlRig/Content/Controls/ControlRig_Sphere_3mm.uexp" 419
"../../../Engine/Plugins/Animation/ControlRig/Content/Controls/ControlRig_Sphere_1mm.ubulk" 420
"../../../Engine/Plugins/Animation/ControlRig/Content/Controls/ControlRig_Sphere_1mm.uasset" 421
"../../../Engine/Plugins/Animation/ControlRig/Content/Controls/ControlRig_Sphere_1mm.uexp" 422
"../../../Engine/Plugins/Animation/ControlRig/Content/Controls/ControlRig_RoundedTriangle_solid.ubulk" 423
"../../../Engine/Plugins/Animation/ControlRig/Content/Controls/ControlRig_RoundedTriangle_solid.uasset" 424
"../../../Engine/Plugins/Animation/ControlRig/Content/Controls/ControlRig_RoundedTriangle_solid.uexp" 425
"../../../Engine/Plugins/Animation/ControlRig/Content/Controls/ControlRig_RoundedTriangle_3mm.ubulk" 426
"../../../Engine/Plugins/Animation/ControlRig/Content/Controls/ControlRig_RoundedTriangle_3mm.uasset" 427
"../../../Engine/Plugins/Animation/ControlRig/Content/Controls/ControlRig_RoundedTriangle_3mm.uexp" 428
"../../../Engine/Plugins/Animation/ControlRig/Content/Controls/ControlRig_RoundedTriangle_1mm.ubulk" 429
"../../../Engine/Plugins/Animation/ControlRig/Content/Controls/ControlRig_RoundedTriangle_1mm.uasset" 430
"../../../Engine/Plugins/Animation/ControlRig/Content/Controls/ControlRig_RoundedTriangle_1mm.uexp" 431
"../../../Engine/Plugins/Animation/ControlRig/Content/Controls/ControlRig_RoundedSquare_solid.ubulk" 432
"../../../Engine/Plugins/Animation/ControlRig/Content/Controls/ControlRig_RoundedSquare_solid.uasset" 433
"../../../Engine/Plugins/Animation/ControlRig/Content/Controls/ControlRig_RoundedSquare_solid.uexp" 434
"../../../Engine/Plugins/Animation/ControlRig/Content/Controls/ControlRig_RoundedSquare_3mm.ubulk" 435
"../../../Engine/Plugins/Animation/ControlRig/Content/Controls/ControlRig_RoundedSquare_3mm.uasset" 436
"../../../Engine/Plugins/Animation/ControlRig/Content/Controls/ControlRig_RoundedSquare_3mm.uexp" 437
"../../../Engine/Plugins/Animation/ControlRig/Content/Controls/ControlRig_RoundedSquare_1mm.ubulk" 438
"../../../Engine/Plugins/Animation/ControlRig/Content/Controls/ControlRig_RoundedSquare_1mm.uasset" 439
"../../../Engine/Plugins/Animation/ControlRig/Content/Controls/ControlRig_RoundedSquare_1mm.uexp" 440
"../../../Engine/Plugins/Animation/ControlRig/Content/Controls/ControlRig_QuarterCircle_solid.ubulk" 441
"../../../Engine/Plugins/Animation/ControlRig/Content/Controls/ControlRig_QuarterCircle_solid.uasset" 442
"../../../Engine/Plugins/Animation/ControlRig/Content/Controls/ControlRig_QuarterCircle_solid.uexp" 443
"../../../Engine/Plugins/Animation/ControlRig/Content/Controls/ControlRig_QuarterCircle_3mm.ubulk" 444
"../../../Engine/Plugins/Animation/ControlRig/Content/Controls/ControlRig_QuarterCircle_3mm.uasset" 445
"../../../Engine/Plugins/Animation/ControlRig/Content/Controls/ControlRig_QuarterCircle_3mm.uexp" 446
"../../../Engine/Plugins/Animation/ControlRig/Content/Controls/ControlRig_QuarterCircle_1mm.ubulk" 447
"../../../Engine/Plugins/Animation/ControlRig/Content/Controls/ControlRig_QuarterCircle_1mm.uasset" 448
"../../../Engine/Plugins/Animation/ControlRig/Content/Controls/ControlRig_QuarterCircle_1mm.uexp" 449
"../../../Engine/Plugins/Animation/ControlRig/Content/Controls/ControlRig_Pyramid_solid.ubulk" 450
"../../../Engine/Plugins/Animation/ControlRig/Content/Controls/ControlRig_Pyramid_solid.uasset" 451
"../../../Engine/Plugins/Animation/ControlRig/Content/Controls/ControlRig_Pyramid_solid.uexp" 452
"../../../Engine/Plugins/Animation/ControlRig/Content/Controls/ControlRig_Pyramid_3mm.ubulk" 453
"../../../Engine/Plugins/Animation/ControlRig/Content/Controls/ControlRig_Pyramid_3mm.uasset" 454
"../../../Engine/Plugins/Animation/ControlRig/Content/Controls/ControlRig_Pyramid_3mm.uexp" 455
"../../../Engine/Plugins/Animation/ControlRig/Content/Controls/ControlRig_Pyramid_1mm.ubulk" 456
"../../../Engine/Plugins/Animation/ControlRig/Content/Controls/ControlRig_Pyramid_1mm.uasset" 457
"../../../Engine/Plugins/Animation/ControlRig/Content/Controls/ControlRig_Pyramid_1mm.uexp" 458
"../../../Engine/Plugins/Animation/ControlRig/Content/Controls/ControlRig_Octagon_solid.ubulk" 459
"../../../Engine/Plugins/Animation/ControlRig/Content/Controls/ControlRig_Octagon_solid.uasset" 460
"../../../Engine/Plugins/Animation/ControlRig/Content/Controls/ControlRig_Octagon_solid.uexp" 461
"../../../Engine/Plugins/Animation/ControlRig/Content/Controls/ControlRig_Octagon_3mm.ubulk" 462
"../../../Engine/Plugins/Animation/ControlRig/Content/Controls/ControlRig_Octagon_3mm.uasset" 463
"../../../Engine/Plugins/Animation/ControlRig/Content/Controls/ControlRig_Octagon_3mm.uexp" 464
"../../../Engine/Plugins/Animation/ControlRig/Content/Controls/ControlRig_Octagon_1mm.ubulk" 465
"../../../Engine/Plugins/Animation/ControlRig/Content/Controls/ControlRig_Octagon_1mm.uasset" 466
"../../../Engine/Plugins/Animation/ControlRig/Content/Controls/ControlRig_Octagon_1mm.uexp" 467
"../../../Engine/Plugins/Animation/ControlRig/Content/Controls/ControlRig_Hexagon_solid.ubulk" 468
"../../../Engine/Plugins/Animation/ControlRig/Content/Controls/ControlRig_Hexagon_solid.uasset" 469
"../../../Engine/Plugins/Animation/ControlRig/Content/Controls/ControlRig_Hexagon_solid.uexp" 470
"../../../Engine/Plugins/Animation/ControlRig/Content/Controls/ControlRig_Hexagon_3mm.ubulk" 471
"../../../Engine/Plugins/Animation/ControlRig/Content/Controls/ControlRig_Hexagon_3mm.uasset" 472
"../../../Engine/Plugins/Animation/ControlRig/Content/Controls/ControlRig_Hexagon_3mm.uexp" 473
"../../../Engine/Plugins/Animation/ControlRig/Content/Controls/ControlRig_Hexagon_1mm.ubulk" 474
"../../../Engine/Plugins/Animation/ControlRig/Content/Controls/ControlRig_Hexagon_1mm.uasset" 475
"../../../Engine/Plugins/Animation/ControlRig/Content/Controls/ControlRig_Hexagon_1mm.uexp" 476
"../../../Engine/Plugins/Animation/ControlRig/Content/Controls/ControlRig_HalfCircle_solid.ubulk" 477
"../../../Engine/Plugins/Animation/ControlRig/Content/Controls/ControlRig_HalfCircle_solid.uasset" 478
"../../../Engine/Plugins/Animation/ControlRig/Content/Controls/ControlRig_HalfCircle_solid.uexp" 479
"../../../Engine/Plugins/Animation/ControlRig/Content/Controls/ControlRig_HalfCircle_3mm.ubulk" 480
"../../../Engine/Plugins/Animation/ControlRig/Content/Controls/ControlRig_HalfCircle_3mm.uasset" 481
"../../../Engine/Plugins/Animation/ControlRig/Content/Controls/ControlRig_HalfCircle_3mm.uexp" 482
"../../../Engine/Plugins/Animation/ControlRig/Content/Controls/ControlRig_HalfCircle_1mm.ubulk" 483
"../../../Engine/Plugins/Animation/ControlRig/Content/Controls/ControlRig_HalfCircle_1mm.uasset" 484
"../../../Engine/Plugins/Animation/ControlRig/Content/Controls/ControlRig_HalfCircle_1mm.uexp" 485
"../../../Engine/Plugins/Animation/ControlRig/Content/Controls/ControlRig_Diamond_solid.ubulk" 486
"../../../Engine/Plugins/Animation/ControlRig/Content/Controls/ControlRig_Diamond_solid.uasset" 487
"../../../Engine/Plugins/Animation/ControlRig/Content/Controls/ControlRig_Diamond_solid.uexp" 488
"../../../Engine/Plugins/Animation/ControlRig/Content/Controls/ControlRig_Diamond_3mm.ubulk" 489
"../../../Engine/Plugins/Animation/ControlRig/Content/Controls/ControlRig_Diamond_3mm.uasset" 490
"../../../Engine/Plugins/Animation/ControlRig/Content/Controls/ControlRig_Diamond_3mm.uexp" 491
"../../../Engine/Plugins/Animation/ControlRig/Content/Controls/ControlRig_Diamond_1mm.ubulk" 492
"../../../Engine/Plugins/Animation/ControlRig/Content/Controls/ControlRig_Diamond_1mm.uasset" 493
"../../../Engine/Plugins/Animation/ControlRig/Content/Controls/ControlRig_Diamond_1mm.uexp" 494
"../../../Engine/Plugins/Animation/ControlRig/Content/Controls/ControlRig_Circle_solid.ubulk" 495
"../../../Engine/Plugins/Animation/ControlRig/Content/Controls/ControlRig_Circle_solid.uasset" 496
"../../../Engine/Plugins/Animation/ControlRig/Content/Controls/ControlRig_Circle_solid.uexp" 497
"../../../Engine/Plugins/Animation/ControlRig/Content/Controls/ControlRig_Circle_3mm.ubulk" 498
"../../../Engine/Plugins/Animation/ControlRig/Content/Controls/ControlRig_Circle_3mm.uasset" 499
"../../../Engine/Plugins/Animation/ControlRig/Content/Controls/ControlRig_Circle_3mm.uexp" 500
"../../../Engine/Plugins/Animation/ControlRig/Content/Controls/ControlRig_Circle_1mm.ubulk" 501
"../../../Engine/Plugins/Animation/ControlRig/Content/Controls/ControlRig_Circle_1mm.uasset" 502
"../../../Engine/Plugins/Animation/ControlRig/Content/Controls/ControlRig_Circle_1mm.uexp" 503
"../../../Engine/Plugins/Animation/ControlRig/Content/Controls/ControlRig_Box_solid.ubulk" 504
"../../../Engine/Plugins/Animation/ControlRig/Content/Controls/ControlRig_Box_solid.uasset" 505
"../../../Engine/Plugins/Animation/ControlRig/Content/Controls/ControlRig_Box_solid.uexp" 506
"../../../Engine/Plugins/Animation/ControlRig/Content/Controls/ControlRig_Box_3mm.ubulk" 507
"../../../Engine/Plugins/Animation/ControlRig/Content/Controls/ControlRig_Box_3mm.uasset" 508
"../../../Engine/Plugins/Animation/ControlRig/Content/Controls/ControlRig_Box_3mm.uexp" 509
"../../../Engine/Plugins/Animation/ControlRig/Content/Controls/ControlRig_Box_1mm.ubulk" 510
"../../../Engine/Plugins/Animation/ControlRig/Content/Controls/ControlRig_Box_1mm.uasset" 511
"../../../Engine/Plugins/Animation/ControlRig/Content/Controls/ControlRig_Box_1mm.uexp" 512
"../../../Engine/Plugins/Animation/ControlRig/Content/Controls/ControlRig_Arrow_solid.ubulk" 513
"../../../Engine/Plugins/Animation/ControlRig/Content/Controls/ControlRig_Arrow_solid.uasset" 514
"../../../Engine/Plugins/Animation/ControlRig/Content/Controls/ControlRig_Arrow_solid.uexp" 515
"../../../Engine/Plugins/Animation/ControlRig/Content/Controls/ControlRig_Arrow_3mm.ubulk" 516
"../../../Engine/Plugins/Animation/ControlRig/Content/Controls/ControlRig_Arrow_3mm.uasset" 517
"../../../Engine/Plugins/Animation/ControlRig/Content/Controls/ControlRig_Arrow_3mm.uexp" 518
"../../../Engine/Plugins/Animation/ControlRig/Content/Controls/ControlRig_Arrow_1mm.ubulk" 519
"../../../Engine/Plugins/Animation/ControlRig/Content/Controls/ControlRig_Arrow_1mm.uasset" 520
"../../../Engine/Plugins/Animation/ControlRig/Content/Controls/ControlRig_Arrow_1mm.uexp" 521
"../../../Engine/Plugins/Animation/ControlRig/Content/Controls/ControlRig_Arrow4_solid.ubulk" 522
"../../../Engine/Plugins/Animation/ControlRig/Content/Controls/ControlRig_Arrow4_solid.uasset" 523
"../../../Engine/Plugins/Animation/ControlRig/Content/Controls/ControlRig_Arrow4_solid.uexp" 524
"../../../Engine/Plugins/Animation/ControlRig/Content/Controls/ControlRig_Arrow4_3mm.ubulk" 525
"../../../Engine/Plugins/Animation/ControlRig/Content/Controls/ControlRig_Arrow4_3mm.uasset" 526
"../../../Engine/Plugins/Animation/ControlRig/Content/Controls/ControlRig_Arrow4_3mm.uexp" 527
"../../../Engine/Plugins/Animation/ControlRig/Content/Controls/ControlRig_Arrow4_1mm.ubulk" 528
"../../../Engine/Plugins/Animation/ControlRig/Content/Controls/ControlRig_Arrow4_1mm.uasset" 529
"../../../Engine/Plugins/Animation/ControlRig/Content/Controls/ControlRig_Arrow4_1mm.uexp" 530
"../../../Engine/Plugins/Animation/ControlRig/Content/Controls/ControlRig_Arrow2_solid.ubulk" 531
"../../../Engine/Plugins/Animation/ControlRig/Content/Controls/ControlRig_Arrow2_solid.uasset" 532
"../../../Engine/Plugins/Animation/ControlRig/Content/Controls/ControlRig_Arrow2_solid.uexp" 533
"../../../Engine/Plugins/Animation/ControlRig/Content/Controls/ControlRig_Arrow2_3mm.ubulk" 534
"../../../Engine/Plugins/Animation/ControlRig/Content/Controls/ControlRig_Arrow2_3mm.uasset" 535
"../../../Engine/Plugins/Animation/ControlRig/Content/Controls/ControlRig_Arrow2_3mm.uexp" 536
"../../../Engine/Plugins/Animation/ControlRig/Content/Controls/ControlRig_Arrow2_1mm.ubulk" 537
"../../../Engine/Plugins/Animation/ControlRig/Content/Controls/ControlRig_Arrow2_1mm.uasset" 538
"../../../Engine/Plugins/Animation/ControlRig/Content/Controls/ControlRig_Arrow2_1mm.uexp" 539
"../../../Engine/Plugins/Animation/ControlRig/Content/Controls/ControlRigGizmoMaterial.uasset" 540
"../../../Engine/Plugins/Animation/ControlRig/Content/Controls/ControlRigGizmoMaterial.uexp" 541
"../../../Engine/Plugins/Editor/SpeedTreeImporter/Content/SpeedTree9/game_wind_noise.ubulk" 542
"../../../Engine/Plugins/Editor/SpeedTreeImporter/Content/SpeedTree9/game_wind_noise.uasset" 543
"../../../Engine/Plugins/Editor/SpeedTreeImporter/Content/SpeedTree9/game_wind_noise.uexp" 544
"../../../Engine/Plugins/Editor/SpeedTreeImporter/Content/SpeedTree9/UnpackDirection.uasset" 545
"../../../Engine/Plugins/Editor/SpeedTreeImporter/Content/SpeedTree9/UnpackDirection.uexp" 546
"../../../Engine/Content/Functions/Engine_MaterialFunctions02/ObjectLocalBounds.uasset" 547
"../../../Engine/Content/Functions/Engine_MaterialFunctions02/ObjectLocalBounds.uexp" 548
"../../../Engine/Content/Functions/Engine_MaterialFunctions02/UVs/BoundingBoxBased_0-1_UVW.uasset" 549
"../../../Engine/Content/Functions/Engine_MaterialFunctions02/UVs/BoundingBoxBased_0-1_UVW.uexp" 550
"../../../Engine/Content/Functions/Engine_MaterialFunctions02/Utility/VectorLength.uasset" 551
"../../../Engine/Content/Functions/Engine_MaterialFunctions02/Utility/VectorLength.uexp" 552
"../../../Engine/Plugins/Editor/SpeedTreeImporter/Content/SpeedTree9/UnpackInteger3.uasset" 553
"../../../Engine/Plugins/Editor/SpeedTreeImporter/Content/SpeedTree9/UnpackInteger3.uexp" 554
"../../../Engine/Plugins/Editor/SpeedTreeImporter/Content/SpeedTree9/SpeedTreeCameraFacing.uasset" 555
"../../../Engine/Plugins/Editor/SpeedTreeImporter/Content/SpeedTree9/SpeedTreeCameraFacing.uexp" 556
"../../../Engine/Content/Functions/Engine_MaterialFunctions02/WorldPositionOffset/ObjectScale.uasset" 557
"../../../Engine/Content/Functions/Engine_MaterialFunctions02/WorldPositionOffset/ObjectScale.uexp" 558
"../../../Engine/Content/Functions/Engine_MaterialFunctions02/SafeNormalize.uasset" 559
"../../../Engine/Content/Functions/Engine_MaterialFunctions02/SafeNormalize.uexp" 560
"../../../Engine/Plugins/Editor/SpeedTreeImporter/Content/SpeedTree9/SpeedTreeWindMotion.uasset" 561
"../../../Engine/Plugins/Editor/SpeedTreeImporter/Content/SpeedTree9/SpeedTreeWindMotion.uexp" 562
"../../../Engine/Plugins/Editor/SpeedTreeImporter/Content/SpeedTree9/SpeedTreeBranchMotion.uasset" 563
"../../../Engine/Plugins/Editor/SpeedTreeImporter/Content/SpeedTree9/SpeedTreeBranchMotion.uexp" 564
"../../../Engine/Plugins/Editor/SpeedTreeImporter/Content/SpeedTree9/SpeedTreeWind.uasset" 565
"../../../Engine/Plugins/Editor/SpeedTreeImporter/Content/SpeedTree9/SpeedTreeWind.uexp" 566
"../../../Engine/Plugins/Editor/SpeedTreeImporter/Content/SpeedTree9/EmptyNormal.uasset" 567
"../../../Engine/Plugins/Editor/SpeedTreeImporter/Content/SpeedTree9/EmptyNormal.uexp" 568
"../../../Engine/Plugins/Editor/SpeedTreeImporter/Content/SpeedTree9/Empty.uasset" 569
"../../../Engine/Plugins/Editor/SpeedTreeImporter/Content/SpeedTree9/Empty.uexp" 570
"../../../Engine/Plugins/Editor/SpeedTreeImporter/Content/SpeedTree9/SpeedTreeMaster.uasset" 571
"../../../Engine/Plugins/Editor/SpeedTreeImporter/Content/SpeedTree9/SpeedTreeMaster.uexp" 572
"../../../Engine/Plugins/Editor/SpeedTreeImporter/Content/SpeedTree9/SpeedTreeBillboard.uasset" 573
"../../../Engine/Plugins/Editor/SpeedTreeImporter/Content/SpeedTree9/SpeedTreeBillboard.uexp" 574
"../../../Engine/Plugins/Editor/SpeedTreeImporter/Content/SpeedTree9/SpeedTreeBillboardMaster.uasset" 575
"../../../Engine/Plugins/Editor/SpeedTreeImporter/Content/SpeedTree9/SpeedTreeBillboardMaster.uexp" 576
"../../../Engine/Plugins/Runtime/HairStrands/Content/Materials/HairMeshesDefaultMaterial.uasset" 577
"../../../Engine/Plugins/Runtime/HairStrands/Content/Materials/HairMeshesDefaultMaterial.uexp" 578
"../../../Engine/Plugins/Runtime/HairStrands/Content/Materials/HairDefaultMaterial.uasset" 579
"../../../Engine/Plugins/Runtime/HairStrands/Content/Materials/HairDefaultMaterial.uexp" 580
"../../../Engine/Plugins/Runtime/HairStrands/Content/Materials/HairGroupColors.uasset" 581
"../../../Engine/Plugins/Runtime/HairStrands/Content/Materials/HairGroupColors.uexp" 582
"../../../Engine/Content/EngineMaterials/HairColorMap.uasset" 583
"../../../Engine/Content/EngineMaterials/HairColorMap.uexp" 584
"../../../Engine/Content/EngineMaterials/HairDebugColor.uasset" 585
"../../../Engine/Content/EngineMaterials/HairDebugColor.uexp" 586
"../../../Engine/Plugins/Runtime/HairStrands/Content/Materials/HairDebugMaterial.uasset" 587
"../../../Engine/Plugins/Runtime/HairStrands/Content/Materials/HairDebugMaterial.uexp" 588
"../../../Engine/Plugins/Runtime/HairStrands/Content/Materials/HairCardsDefaultMaterial.uasset" 589
"../../../Engine/Plugins/Runtime/HairStrands/Content/Materials/HairCardsDefaultMaterial.uexp" 590
"../../../Engine/Content/Animation/DefaultAnimCurveCompressionSettings.uasset" 591
"../../../Engine/Content/Animation/DefaultAnimCurveCompressionSettings.uexp" 592
"C:/Users/johan/OneDrive/Bureau/New folder/Content/_Main/Character/Arms_Skeleton1.uasset" 593
"C:/Users/johan/OneDrive/Bureau/New folder/Content/_Main/Character/Arms_Skeleton1.uexp" 594
"../../../Engine/Content/Animation/DefaultAnimBoneCompressionSettings.uasset" 595
"../../../Engine/Content/Animation/DefaultAnimBoneCompressionSettings.uexp" 596
"C:/Users/johan/OneDrive/Bureau/New folder/Content/_Main/Character/Animations/AimPose.uasset" 597
"C:/Users/johan/OneDrive/Bureau/New folder/Content/_Main/Character/Animations/AimPose.uexp" 598
"C:/Users/johan/OneDrive/Bureau/New folder/Content/_Main/Character/Animations/AimtoIdle.uasset" 599
"C:/Users/johan/OneDrive/Bureau/New folder/Content/_Main/Character/Animations/AimtoIdle.uexp" 600
"C:/Users/johan/OneDrive/Bureau/New folder/Content/_Main/Character/Animations/Idle.uasset" 601
"C:/Users/johan/OneDrive/Bureau/New folder/Content/_Main/Character/Animations/Idle.uexp" 602
"C:/Users/johan/OneDrive/Bureau/New folder/Content/_Main/Character/Animations/run.uasset" 603
"C:/Users/johan/OneDrive/Bureau/New folder/Content/_Main/Character/Animations/run.uexp" 604
"C:/Users/johan/OneDrive/Bureau/New folder/Content/_Main/Character/Animations/IdleWalkBS.uasset" 605
"C:/Users/johan/OneDrive/Bureau/New folder/Content/_Main/Character/Animations/IdleWalkBS.uexp" 606
"C:/Users/johan/OneDrive/Bureau/New folder/Content/_Main/Character/Animations/IdleToAim.uasset" 607
"C:/Users/johan/OneDrive/Bureau/New folder/Content/_Main/Character/Animations/IdleToAim.uexp" 608
"../../../Engine/Content/EditorBlueprintResources/StandardMacros.uasset" 609
"../../../Engine/Content/EditorBlueprintResources/StandardMacros.uexp" 610
"C:/Users/johan/OneDrive/Bureau/New folder/Content/_Main/Character/Animations/BP_FPSAnim.uasset" 611
"C:/Users/johan/OneDrive/Bureau/New folder/Content/_Main/Character/Animations/BP_FPSAnim.uexp" 612
"C:/Users/johan/OneDrive/Bureau/New folder/Content/_Main/Character/Animations/AimFire.uasset" 613
"C:/Users/johan/OneDrive/Bureau/New folder/Content/_Main/Character/Animations/AimFire.uexp" 614
"C:/Users/johan/OneDrive/Bureau/New folder/Content/_Main/Character/Animations/AimFire_Montage1.uasset" 615
"C:/Users/johan/OneDrive/Bureau/New folder/Content/_Main/Character/Animations/AimFire_Montage1.uexp" 616
"C:/Users/johan/OneDrive/Bureau/New folder/Content/Realistic_Starter_VFX_Pack_Vol2/Textures/T_Splash_A.ubulk" 617
"C:/Users/johan/OneDrive/Bureau/New folder/Content/Realistic_Starter_VFX_Pack_Vol2/Textures/T_Splash_A.uasset" 618
"C:/Users/johan/OneDrive/Bureau/New folder/Content/Realistic_Starter_VFX_Pack_Vol2/Textures/T_Splash_A.uexp" 619
"C:/Users/johan/OneDrive/Bureau/New folder/Content/Realistic_Starter_VFX_Pack_Vol2/Materials/M_Blood_C.uasset" 620
"C:/Users/johan/OneDrive/Bureau/New folder/Content/Realistic_Starter_VFX_Pack_Vol2/Materials/M_Blood_C.uexp" 621
"C:/Users/johan/OneDrive/Bureau/New folder/Content/Realistic_Starter_VFX_Pack_Vol2/Textures/T_Dirt_C.ubulk" 622
"C:/Users/johan/OneDrive/Bureau/New folder/Content/Realistic_Starter_VFX_Pack_Vol2/Textures/T_Dirt_C.uasset" 623
"C:/Users/johan/OneDrive/Bureau/New folder/Content/Realistic_Starter_VFX_Pack_Vol2/Textures/T_Dirt_C.uexp" 624
"../../../Engine/Content/Functions/Engine_MaterialFunctions02/Texturing/CustomRotator.uasset" 625
"../../../Engine/Content/Functions/Engine_MaterialFunctions02/Texturing/CustomRotator.uexp" 626
"C:/Users/johan/OneDrive/Bureau/New folder/Content/Realistic_Starter_VFX_Pack_Vol2/Materials/M_Dirt_A.uasset" 627
"C:/Users/johan/OneDrive/Bureau/New folder/Content/Realistic_Starter_VFX_Pack_Vol2/Materials/M_Dirt_A.uexp" 628
"../../../Engine/Content/Functions/Engine_MaterialFunctions01/Density/ExponentialDensity.uasset" 629
"../../../Engine/Content/Functions/Engine_MaterialFunctions01/Density/ExponentialDensity.uexp" 630
"../../../Engine/Content/Functions/Engine_MaterialFunctions01/Gradient/RadialGradientExponential.uasset" 631
"../../../Engine/Content/Functions/Engine_MaterialFunctions01/Gradient/RadialGradientExponential.uexp" 632
"C:/Users/johan/OneDrive/Bureau/New folder/Content/Realistic_Starter_VFX_Pack_Vol2/Materials/M_Snow.uasset" 633
"C:/Users/johan/OneDrive/Bureau/New folder/Content/Realistic_Starter_VFX_Pack_Vol2/Materials/M_Snow.uexp" 634
"C:/Users/johan/OneDrive/Bureau/New folder/Content/Realistic_Starter_VFX_Pack_Vol2/Textures/T_Smoke_B.ubulk" 635
"C:/Users/johan/OneDrive/Bureau/New folder/Content/Realistic_Starter_VFX_Pack_Vol2/Textures/T_Smoke_B.uasset" 636
"C:/Users/johan/OneDrive/Bureau/New folder/Content/Realistic_Starter_VFX_Pack_Vol2/Textures/T_Smoke_B.uexp" 637
"C:/Users/johan/OneDrive/Bureau/New folder/Content/Realistic_Starter_VFX_Pack_Vol2/Materials/M_Smoke_A.uasset" 638
"C:/Users/johan/OneDrive/Bureau/New folder/Content/Realistic_Starter_VFX_Pack_Vol2/Materials/M_Smoke_A.uexp" 639
"C:/Users/johan/OneDrive/Bureau/New folder/Content/Realistic_Starter_VFX_Pack_Vol2/Particles/Blood/P_Blood_Splat_Cone.uasset" 640
"C:/Users/johan/OneDrive/Bureau/New folder/Content/Realistic_Starter_VFX_Pack_Vol2/Particles/Blood/P_Blood_Splat_Cone.uexp" 641
"C:/Users/johan/OneDrive/Bureau/New folder/Content/MilitaryWeapSilver/FX/Textures/T_Pistol_MuzzleFlashes_4x1_B.ubulk" 642
"C:/Users/johan/OneDrive/Bureau/New folder/Content/MilitaryWeapSilver/FX/Textures/T_Pistol_MuzzleFlashes_4x1_B.uasset" 643
"C:/Users/johan/OneDrive/Bureau/New folder/Content/MilitaryWeapSilver/FX/Textures/T_Pistol_MuzzleFlashes_4x1_B.uexp" 644
"C:/Users/johan/OneDrive/Bureau/New folder/Content/MilitaryWeapSilver/FX/Materials/M_Pistol_MuzzleFlash_4x1_A.uasset" 645
"C:/Users/johan/OneDrive/Bureau/New folder/Content/MilitaryWeapSilver/FX/Materials/M_Pistol_MuzzleFlash_4x1_A.uexp" 646
"C:/Users/johan/OneDrive/Bureau/New folder/Content/MilitaryWeapSilver/FX/Textures/T_Smoke_8x8_B_01.ubulk" 647
"C:/Users/johan/OneDrive/Bureau/New folder/Content/MilitaryWeapSilver/FX/Textures/T_Smoke_8x8_B_01.uasset" 648
"C:/Users/johan/OneDrive/Bureau/New folder/Content/MilitaryWeapSilver/FX/Textures/T_Smoke_8x8_B_01.uexp" 649
"C:/Users/johan/OneDrive/Bureau/New folder/Content/MilitaryWeapSilver/FX/Textures/T_Spherical_NormalMap_01.ubulk" 650
"C:/Users/johan/OneDrive/Bureau/New folder/Content/MilitaryWeapSilver/FX/Textures/T_Spherical_NormalMap_01.uasset" 651
"C:/Users/johan/OneDrive/Bureau/New folder/Content/MilitaryWeapSilver/FX/Textures/T_Spherical_NormalMap_01.uexp" 652
"C:/Users/johan/OneDrive/Bureau/New folder/Content/MilitaryWeapSilver/FX/Materials/M_Smoke_8x8_B_01.uasset" 653
"C:/Users/johan/OneDrive/Bureau/New folder/Content/MilitaryWeapSilver/FX/Materials/M_Smoke_8x8_B_01.uexp" 654
"C:/Users/johan/OneDrive/Bureau/New folder/Content/MilitaryWeapSilver/FX/Textures/T_Pistol_Streaks_01.ubulk" 655
"C:/Users/johan/OneDrive/Bureau/New folder/Content/MilitaryWeapSilver/FX/Textures/T_Pistol_Streaks_01.uasset" 656
"C:/Users/johan/OneDrive/Bureau/New folder/Content/MilitaryWeapSilver/FX/Textures/T_Pistol_Streaks_01.uexp" 657
"C:/Users/johan/OneDrive/Bureau/New folder/Content/MilitaryWeapSilver/FX/Materials/M_Pistol_Streaks_01.uasset" 658
"C:/Users/johan/OneDrive/Bureau/New folder/Content/MilitaryWeapSilver/FX/Materials/M_Pistol_Streaks_01.uexp" 659
"../../../Engine/Content/Functions/Engine_MaterialFunctions02/Fresnel_Function.uasset" 660
"../../../Engine/Content/Functions/Engine_MaterialFunctions02/Fresnel_Function.uexp" 661
"C:/Users/johan/OneDrive/Bureau/New folder/Content/MilitaryWeapSilver/FX/Materials/M_GlowSphere_01.uasset" 662
"C:/Users/johan/OneDrive/Bureau/New folder/Content/MilitaryWeapSilver/FX/Materials/M_GlowSphere_01.uexp" 663
"C:/Users/johan/OneDrive/Bureau/New folder/Content/MilitaryWeapSilver/FX/Meshes/St_Sphere_01.ubulk" 664
"C:/Users/johan/OneDrive/Bureau/New folder/Content/MilitaryWeapSilver/FX/Meshes/St_Sphere_01.uasset" 665
"C:/Users/johan/OneDrive/Bureau/New folder/Content/MilitaryWeapSilver/FX/Meshes/St_Sphere_01.uexp" 666
"C:/Users/johan/OneDrive/Bureau/New folder/Content/MilitaryWeapSilver/FX/Textures/T_Pistol_Smoke_2x2_A.ubulk" 667
"C:/Users/johan/OneDrive/Bureau/New folder/Content/MilitaryWeapSilver/FX/Textures/T_Pistol_Smoke_2x2_A.uasset" 668
"C:/Users/johan/OneDrive/Bureau/New folder/Content/MilitaryWeapSilver/FX/Textures/T_Pistol_Smoke_2x2_A.uexp" 669
"C:/Users/johan/OneDrive/Bureau/New folder/Content/MilitaryWeapSilver/FX/Textures/T_FL_Detail_01.ubulk" 670
"C:/Users/johan/OneDrive/Bureau/New folder/Content/MilitaryWeapSilver/FX/Textures/T_FL_Detail_01.uasset" 671
"C:/Users/johan/OneDrive/Bureau/New folder/Content/MilitaryWeapSilver/FX/Textures/T_FL_Detail_01.uexp" 672
"C:/Users/johan/OneDrive/Bureau/New folder/Content/MilitaryWeapSilver/FX/Materials/M_Pistol_Smoke_2x2_A.uasset" 673
"C:/Users/johan/OneDrive/Bureau/New folder/Content/MilitaryWeapSilver/FX/Materials/M_Pistol_Smoke_2x2_A.uexp" 674
"C:/Users/johan/OneDrive/Bureau/New folder/Content/MilitaryWeapSilver/FX/P_Pistol_MuzzleFlash_01.uasset" 675
"C:/Users/johan/OneDrive/Bureau/New folder/Content/MilitaryWeapSilver/FX/P_Pistol_MuzzleFlash_01.uexp" 676
"C:/Users/johan/OneDrive/Bureau/New folder/Content/MilitaryWeapSilver/Sound/Attenuation/WeaponShot_att.uasset" 677
"C:/Users/johan/OneDrive/Bureau/New folder/Content/MilitaryWeapSilver/Sound/Attenuation/WeaponShot_att.uexp" 678
"C:/Users/johan/OneDrive/Bureau/New folder/Content/MilitaryWeapSilver/Sound/Pistol/Wavs/PistolA_Fire_ST03.ubulk" 679
"C:/Users/johan/OneDrive/Bureau/New folder/Content/MilitaryWeapSilver/Sound/Pistol/Wavs/PistolA_Fire_ST03.uasset" 680
"C:/Users/johan/OneDrive/Bureau/New folder/Content/MilitaryWeapSilver/Sound/Pistol/Wavs/PistolA_Fire_ST03.uexp" 681
"C:/Users/johan/OneDrive/Bureau/New folder/Content/MilitaryWeapSilver/Sound/Pistol/Wavs/PistolA_Fire_ST02.ubulk" 682
"C:/Users/johan/OneDrive/Bureau/New folder/Content/MilitaryWeapSilver/Sound/Pistol/Wavs/PistolA_Fire_ST02.uasset" 683
"C:/Users/johan/OneDrive/Bureau/New folder/Content/MilitaryWeapSilver/Sound/Pistol/Wavs/PistolA_Fire_ST02.uexp" 684
"C:/Users/johan/OneDrive/Bureau/New folder/Content/MilitaryWeapSilver/Sound/Pistol/Wavs/PistolA_Fire02.ubulk" 685
"C:/Users/johan/OneDrive/Bureau/New folder/Content/MilitaryWeapSilver/Sound/Pistol/Wavs/PistolA_Fire02.uasset" 686
"C:/Users/johan/OneDrive/Bureau/New folder/Content/MilitaryWeapSilver/Sound/Pistol/Wavs/PistolA_Fire02.uexp" 687
"C:/Users/johan/OneDrive/Bureau/New folder/Content/MilitaryWeapSilver/Sound/Pistol/Wavs/PistolA_Fire05.ubulk" 688
"C:/Users/johan/OneDrive/Bureau/New folder/Content/MilitaryWeapSilver/Sound/Pistol/Wavs/PistolA_Fire05.uasset" 689
"C:/Users/johan/OneDrive/Bureau/New folder/Content/MilitaryWeapSilver/Sound/Pistol/Wavs/PistolA_Fire05.uexp" 690
"C:/Users/johan/OneDrive/Bureau/New folder/Content/MilitaryWeapSilver/Sound/Pistol/Wavs/PistolA_Fire04.ubulk" 691
"C:/Users/johan/OneDrive/Bureau/New folder/Content/MilitaryWeapSilver/Sound/Pistol/Wavs/PistolA_Fire04.uasset" 692
"C:/Users/johan/OneDrive/Bureau/New folder/Content/MilitaryWeapSilver/Sound/Pistol/Wavs/PistolA_Fire04.uexp" 693
"C:/Users/johan/OneDrive/Bureau/New folder/Content/MilitaryWeapSilver/Sound/Pistol/Wavs/PistolA_Fire_ST01.ubulk" 694
"C:/Users/johan/OneDrive/Bureau/New folder/Content/MilitaryWeapSilver/Sound/Pistol/Wavs/PistolA_Fire_ST01.uasset" 695
"C:/Users/johan/OneDrive/Bureau/New folder/Content/MilitaryWeapSilver/Sound/Pistol/Wavs/PistolA_Fire_ST01.uexp" 696
"C:/Users/johan/OneDrive/Bureau/New folder/Content/MilitaryWeapSilver/Sound/Pistol/Wavs/PistolA_Fire06.ubulk" 697
"C:/Users/johan/OneDrive/Bureau/New folder/Content/MilitaryWeapSilver/Sound/Pistol/Wavs/PistolA_Fire06.uasset" 698
"C:/Users/johan/OneDrive/Bureau/New folder/Content/MilitaryWeapSilver/Sound/Pistol/Wavs/PistolA_Fire06.uexp" 699
"C:/Users/johan/OneDrive/Bureau/New folder/Content/MilitaryWeapSilver/Sound/Pistol/Wavs/PistolA_Fire_ST06.ubulk" 700
"C:/Users/johan/OneDrive/Bureau/New folder/Content/MilitaryWeapSilver/Sound/Pistol/Wavs/PistolA_Fire_ST06.uasset" 701
"C:/Users/johan/OneDrive/Bureau/New folder/Content/MilitaryWeapSilver/Sound/Pistol/Wavs/PistolA_Fire_ST06.uexp" 702
"C:/Users/johan/OneDrive/Bureau/New folder/Content/MilitaryWeapSilver/Sound/Pistol/Wavs/PistolA_Fire03.ubulk" 703
"C:/Users/johan/OneDrive/Bureau/New folder/Content/MilitaryWeapSilver/Sound/Pistol/Wavs/PistolA_Fire03.uasset" 704
"C:/Users/johan/OneDrive/Bureau/New folder/Content/MilitaryWeapSilver/Sound/Pistol/Wavs/PistolA_Fire03.uexp" 705
"C:/Users/johan/OneDrive/Bureau/New folder/Content/MilitaryWeapSilver/Sound/Pistol/Wavs/PistolA_Fire_ST05.ubulk" 706
"C:/Users/johan/OneDrive/Bureau/New folder/Content/MilitaryWeapSilver/Sound/Pistol/Wavs/PistolA_Fire_ST05.uasset" 707
"C:/Users/johan/OneDrive/Bureau/New folder/Content/MilitaryWeapSilver/Sound/Pistol/Wavs/PistolA_Fire_ST05.uexp" 708
"C:/Users/johan/OneDrive/Bureau/New folder/Content/MilitaryWeapSilver/Sound/Pistol/Wavs/PistolA_Fire01.ubulk" 709
"C:/Users/johan/OneDrive/Bureau/New folder/Content/MilitaryWeapSilver/Sound/Pistol/Wavs/PistolA_Fire01.uasset" 710
"C:/Users/johan/OneDrive/Bureau/New folder/Content/MilitaryWeapSilver/Sound/Pistol/Wavs/PistolA_Fire01.uexp" 711
"C:/Users/johan/OneDrive/Bureau/New folder/Content/MilitaryWeapSilver/Sound/Pistol/Wavs/PistolA_Fire_ST04.ubulk" 712
"C:/Users/johan/OneDrive/Bureau/New folder/Content/MilitaryWeapSilver/Sound/Pistol/Wavs/PistolA_Fire_ST04.uasset" 713
"C:/Users/johan/OneDrive/Bureau/New folder/Content/MilitaryWeapSilver/Sound/Pistol/Wavs/PistolA_Fire_ST04.uexp" 714
"C:/Users/johan/OneDrive/Bureau/New folder/Content/MilitaryWeapSilver/Sound/Pistol/Cues/PistolA_Fire_Cue.uasset" 715
"C:/Users/johan/OneDrive/Bureau/New folder/Content/MilitaryWeapSilver/Sound/Pistol/Cues/PistolA_Fire_Cue.uexp" 716
"C:/Users/johan/OneDrive/Bureau/New folder/Content/MilitaryWeapSilver/Weapons/Pistols_A_Skeleton.uasset" 717
"C:/Users/johan/OneDrive/Bureau/New folder/Content/MilitaryWeapSilver/Weapons/Pistols_A_Skeleton.uexp" 718
"C:/Users/johan/OneDrive/Bureau/New folder/Content/MilitaryWeapSilver/Weapons/Animations/Fire_Pistol_W.uasset" 719
"C:/Users/johan/OneDrive/Bureau/New folder/Content/MilitaryWeapSilver/Weapons/Animations/Fire_Pistol_W.uexp" 720
"C:/Users/johan/OneDrive/Bureau/New folder/Content/MilitaryWeapSilver/Weapons/Pistols_A_PhysicsAsset.uasset" 721
"C:/Users/johan/OneDrive/Bureau/New folder/Content/MilitaryWeapSilver/Weapons/Pistols_A_PhysicsAsset.uexp" 722
"C:/Users/johan/OneDrive/Bureau/New folder/Content/MilitaryWeapSilver/Weapons/Textures/Pistols_A_Masks.ubulk" 723
"C:/Users/johan/OneDrive/Bureau/New folder/Content/MilitaryWeapSilver/Weapons/Textures/Pistols_A_Masks.uasset" 724
"C:/Users/johan/OneDrive/Bureau/New folder/Content/MilitaryWeapSilver/Weapons/Textures/Pistols_A_Masks.uexp" 725
"C:/Users/johan/OneDrive/Bureau/New folder/Content/MilitaryWeapSilver/Weapons/Textures/Pistols_A_Norm.ubulk" 726
"C:/Users/johan/OneDrive/Bureau/New folder/Content/MilitaryWeapSilver/Weapons/Textures/Pistols_A_Norm.uasset" 727
"C:/Users/johan/OneDrive/Bureau/New folder/Content/MilitaryWeapSilver/Weapons/Textures/Pistols_A_Norm.uexp" 728
"C:/Users/johan/OneDrive/Bureau/New folder/Content/MilitaryWeapSilver/Weapons/Textures/Pistols_A_Diff.ubulk" 729
"C:/Users/johan/OneDrive/Bureau/New folder/Content/MilitaryWeapSilver/Weapons/Textures/Pistols_A_Diff.uasset" 730
"C:/Users/johan/OneDrive/Bureau/New folder/Content/MilitaryWeapSilver/Weapons/Textures/Pistols_A_Diff.uexp" 731
"C:/Users/johan/OneDrive/Bureau/New folder/Content/MilitaryWeapSilver/Weapons/Materials/M_WeaponMaster_01.uasset" 732
"C:/Users/johan/OneDrive/Bureau/New folder/Content/MilitaryWeapSilver/Weapons/Materials/M_WeaponMaster_01.uexp" 733
"C:/Users/johan/OneDrive/Bureau/New folder/Content/MilitaryWeapSilver/Weapons/Materials/M_Pistol_01.uasset" 734
"C:/Users/johan/OneDrive/Bureau/New folder/Content/MilitaryWeapSilver/Weapons/Materials/M_Pistol_01.uexp" 735
"C:/Users/johan/OneDrive/Bureau/New folder/Content/MilitaryWeapSilver/Weapons/Pistols_A.uasset" 736
"C:/Users/johan/OneDrive/Bureau/New folder/Content/MilitaryWeapSilver/Weapons/Pistols_A.uexp" 737
"C:/Users/johan/OneDrive/Bureau/New folder/Content/Realistic_Starter_VFX_Pack_Vol2/Textures/T_Rocks.ubulk" 738
"C:/Users/johan/OneDrive/Bureau/New folder/Content/Realistic_Starter_VFX_Pack_Vol2/Textures/T_Rocks.uasset" 739
"C:/Users/johan/OneDrive/Bureau/New folder/Content/Realistic_Starter_VFX_Pack_Vol2/Textures/T_Rocks.uexp" 740
"C:/Users/johan/OneDrive/Bureau/New folder/Content/Realistic_Starter_VFX_Pack_Vol2/Textures/T_Rocks_NM.uasset" 741
"C:/Users/johan/OneDrive/Bureau/New folder/Content/Realistic_Starter_VFX_Pack_Vol2/Textures/T_Rocks_NM.uexp" 742
"C:/Users/johan/OneDrive/Bureau/New folder/Content/Realistic_Starter_VFX_Pack_Vol2/Materials/M_Rock_B.uasset" 743
"C:/Users/johan/OneDrive/Bureau/New folder/Content/Realistic_Starter_VFX_Pack_Vol2/Materials/M_Rock_B.uexp" 744
"C:/Users/johan/OneDrive/Bureau/New folder/Content/Realistic_Starter_VFX_Pack_Vol2/Materials/M_Derbis.uasset" 745
"C:/Users/johan/OneDrive/Bureau/New folder/Content/Realistic_Starter_VFX_Pack_Vol2/Materials/M_Derbis.uexp" 746
"C:/Users/johan/OneDrive/Bureau/New folder/Content/Realistic_Starter_VFX_Pack_Vol2/Mesh/SM_Derbis_A.ubulk" 747
"C:/Users/johan/OneDrive/Bureau/New folder/Content/Realistic_Starter_VFX_Pack_Vol2/Mesh/SM_Derbis_A.uasset" 748
"C:/Users/johan/OneDrive/Bureau/New folder/Content/Realistic_Starter_VFX_Pack_Vol2/Mesh/SM_Derbis_A.uexp" 749
"C:/Users/johan/OneDrive/Bureau/New folder/Content/Realistic_Starter_VFX_Pack_Vol2/Textures/T_Flare_A.ubulk" 750
"C:/Users/johan/OneDrive/Bureau/New folder/Content/Realistic_Starter_VFX_Pack_Vol2/Textures/T_Flare_A.uasset" 751
"C:/Users/johan/OneDrive/Bureau/New folder/Content/Realistic_Starter_VFX_Pack_Vol2/Textures/T_Flare_A.uexp" 752
"C:/Users/johan/OneDrive/Bureau/New folder/Content/Realistic_Starter_VFX_Pack_Vol2/Textures/T_Spark_B.uasset" 753
"C:/Users/johan/OneDrive/Bureau/New folder/Content/Realistic_Starter_VFX_Pack_Vol2/Textures/T_Spark_B.uexp" 754
"C:/Users/johan/OneDrive/Bureau/New folder/Content/Realistic_Starter_VFX_Pack_Vol2/Materials/M_Glow_C.uasset" 755
"C:/Users/johan/OneDrive/Bureau/New folder/Content/Realistic_Starter_VFX_Pack_Vol2/Materials/M_Glow_C.uexp" 756
"C:/Users/johan/OneDrive/Bureau/New folder/Content/Realistic_Starter_VFX_Pack_Vol2/Materials/M_Glow_C_Inst.uasset" 757
"C:/Users/johan/OneDrive/Bureau/New folder/Content/Realistic_Starter_VFX_Pack_Vol2/Materials/M_Glow_C_Inst.uexp" 758
"C:/Users/johan/OneDrive/Bureau/New folder/Content/Realistic_Starter_VFX_Pack_Vol2/Textures/T_Dirt_A.ubulk" 759
"C:/Users/johan/OneDrive/Bureau/New folder/Content/Realistic_Starter_VFX_Pack_Vol2/Textures/T_Dirt_A.uasset" 760
"C:/Users/johan/OneDrive/Bureau/New folder/Content/Realistic_Starter_VFX_Pack_Vol2/Textures/T_Dirt_A.uexp" 761
"C:/Users/johan/OneDrive/Bureau/New folder/Content/Realistic_Starter_VFX_Pack_Vol2/Materials/M_Dirt_B.uasset" 762
"C:/Users/johan/OneDrive/Bureau/New folder/Content/Realistic_Starter_VFX_Pack_Vol2/Materials/M_Dirt_B.uexp" 763
"C:/Users/johan/OneDrive/Bureau/New folder/Content/Realistic_Starter_VFX_Pack_Vol2/Textures/T_Smoke_Wisp.ubulk" 764
"C:/Users/johan/OneDrive/Bureau/New folder/Content/Realistic_Starter_VFX_Pack_Vol2/Textures/T_Smoke_Wisp.uasset" 765
"C:/Users/johan/OneDrive/Bureau/New folder/Content/Realistic_Starter_VFX_Pack_Vol2/Textures/T_Smoke_Wisp.uexp" 766
"C:/Users/johan/OneDrive/Bureau/New folder/Content/Realistic_Starter_VFX_Pack_Vol2/Materials/M_Smoke_Wisp.uasset" 767
"C:/Users/johan/OneDrive/Bureau/New folder/Content/Realistic_Starter_VFX_Pack_Vol2/Materials/M_Smoke_Wisp.uexp" 768
"C:/Users/johan/OneDrive/Bureau/New folder/Content/Realistic_Starter_VFX_Pack_Vol2/Particles/Hit/P_Asphalt.uasset" 769
"C:/Users/johan/OneDrive/Bureau/New folder/Content/Realistic_Starter_VFX_Pack_Vol2/Particles/Hit/P_Asphalt.uexp" 770
"C:/Users/johan/OneDrive/Bureau/New folder/Content/_Main/Blueprints/BP_Weapon_Base.uasset" 771
"C:/Users/johan/OneDrive/Bureau/New folder/Content/_Main/Blueprints/BP_Weapon_Base.uexp" 772
"C:/Users/johan/OneDrive/Bureau/New folder/Content/MilitaryWeapSilver/Sound/Pistol/Wavs/Pistol_ReloadMagInsert01.ubulk" 773
"C:/Users/johan/OneDrive/Bureau/New folder/Content/MilitaryWeapSilver/Sound/Pistol/Wavs/Pistol_ReloadMagInsert01.uasset" 774
"C:/Users/johan/OneDrive/Bureau/New folder/Content/MilitaryWeapSilver/Sound/Pistol/Wavs/Pistol_ReloadMagInsert01.uexp" 775
"C:/Users/johan/OneDrive/Bureau/New folder/Content/_Main/Character/Arms_PhysicsAsset.uasset" 776
"C:/Users/johan/OneDrive/Bureau/New folder/Content/_Main/Character/Arms_PhysicsAsset.uexp" 777
"C:/Users/johan/OneDrive/Bureau/New folder/Content/_Main/Character/T_Man_Body_Albedo.ubulk" 778
"C:/Users/johan/OneDrive/Bureau/New folder/Content/_Main/Character/T_Man_Body_Albedo.uasset" 779
"C:/Users/johan/OneDrive/Bureau/New folder/Content/_Main/Character/T_Man_Body_Albedo.uexp" 780
"C:/Users/johan/OneDrive/Bureau/New folder/Content/_Main/Character/T_Man_Body_Ao.ubulk" 781
"C:/Users/johan/OneDrive/Bureau/New folder/Content/_Main/Character/T_Man_Body_Ao.uasset" 782
"C:/Users/johan/OneDrive/Bureau/New folder/Content/_Main/Character/T_Man_Body_Ao.uexp" 783
"C:/Users/johan/OneDrive/Bureau/New folder/Content/_Main/Character/T_Man_Body_Metallic.ubulk" 784
"C:/Users/johan/OneDrive/Bureau/New folder/Content/_Main/Character/T_Man_Body_Metallic.uasset" 785
"C:/Users/johan/OneDrive/Bureau/New folder/Content/_Main/Character/T_Man_Body_Metallic.uexp" 786
"C:/Users/johan/OneDrive/Bureau/New folder/Content/_Main/Character/T_Man_Body_Normals.ubulk" 787
"C:/Users/johan/OneDrive/Bureau/New folder/Content/_Main/Character/T_Man_Body_Normals.uasset" 788
"C:/Users/johan/OneDrive/Bureau/New folder/Content/_Main/Character/T_Man_Body_Normals.uexp" 789
"C:/Users/johan/OneDrive/Bureau/New folder/Content/_Main/Character/M_Man_Body.uasset" 790
"C:/Users/johan/OneDrive/Bureau/New folder/Content/_Main/Character/M_Man_Body.uexp" 791
"C:/Users/johan/OneDrive/Bureau/New folder/Content/_Main/Character/Arms.uasset" 792
"C:/Users/johan/OneDrive/Bureau/New folder/Content/_Main/Character/Arms.uexp" 793
"C:/Users/johan/OneDrive/Bureau/New folder/Content/_Main/Widgets/cross.uasset" 794
"C:/Users/johan/OneDrive/Bureau/New folder/Content/_Main/Widgets/cross.uexp" 795
"C:/Users/johan/OneDrive/Bureau/New folder/Content/_Main/Widgets/pistol.uasset" 796
"C:/Users/johan/OneDrive/Bureau/New folder/Content/_Main/Widgets/pistol.uexp" 797
"C:/Users/johan/OneDrive/Bureau/New folder/Content/_Main/Widgets/EKeyImage/icons8-e-key-48.uasset" 798
"C:/Users/johan/OneDrive/Bureau/New folder/Content/_Main/Widgets/EKeyImage/icons8-e-key-48.uexp" 799
"C:/Users/johan/OneDrive/Bureau/New folder/Content/_Main/Zombie/zombiegirl_Skeleton.uasset" 800
"C:/Users/johan/OneDrive/Bureau/New folder/Content/_Main/Zombie/zombiegirl_Skeleton.uexp" 801
"C:/Users/johan/OneDrive/Bureau/New folder/Content/_Main/Zombie/Animations/zombie_attack.uasset" 802
"C:/Users/johan/OneDrive/Bureau/New folder/Content/_Main/Zombie/Animations/zombie_attack.uexp" 803
"C:/Users/johan/OneDrive/Bureau/New folder/Content/_Main/Zombie/Animations/zombie_attack_Montage1.uasset" 804
"C:/Users/johan/OneDrive/Bureau/New folder/Content/_Main/Zombie/Animations/zombie_attack_Montage1.uexp" 805
"C:/Users/johan/OneDrive/Bureau/New folder/Content/_Main/Zombie/Sounds/SC_AttackCue.uasset" 806
"C:/Users/johan/OneDrive/Bureau/New folder/Content/_Main/Zombie/Sounds/SC_AttackCue.uexp" 807
"C:/Users/johan/OneDrive/Bureau/New folder/Content/_Main/Zombie/Animations/Zombie_Reaction_Hit_mixamo_com.uasset" 808
"C:/Users/johan/OneDrive/Bureau/New folder/Content/_Main/Zombie/Animations/Zombie_Reaction_Hit_mixamo_com.uexp" 809
"C:/Users/johan/OneDrive/Bureau/New folder/Content/_Main/Zombie/Animations/Zombie_Reaction_Hit_mixamo_com_Montage.uasset" 810
"C:/Users/johan/OneDrive/Bureau/New folder/Content/_Main/Zombie/Animations/Zombie_Reaction_Hit_mixamo_com_Montage.uexp" 811
"C:/Users/johan/OneDrive/Bureau/New folder/Content/MilitaryWeapSilver/Sound/Attenuation/ProjectileImpact_att.uasset" 812
"C:/Users/johan/OneDrive/Bureau/New folder/Content/MilitaryWeapSilver/Sound/Attenuation/ProjectileImpact_att.uexp" 813
"C:/Users/johan/OneDrive/Bureau/New folder/Content/_Main/Zombie/Animations/Zombie_Walk_mixamo_com.uasset" 814
"C:/Users/johan/OneDrive/Bureau/New folder/Content/_Main/Zombie/Animations/Zombie_Walk_mixamo_com.uexp" 815
"C:/Users/johan/OneDrive/Bureau/New folder/Content/_Main/Zombie/Animations/zombie_idle.uasset" 816
"C:/Users/johan/OneDrive/Bureau/New folder/Content/_Main/Zombie/Animations/zombie_idle.uexp" 817
"C:/Users/johan/OneDrive/Bureau/New folder/Content/_Main/Zombie/Animations/Zombie_Running_mixamo_com.uasset" 818
"C:/Users/johan/OneDrive/Bureau/New folder/Content/_Main/Zombie/Animations/Zombie_Running_mixamo_com.uexp" 819
"C:/Users/johan/OneDrive/Bureau/New folder/Content/_Main/Zombie/Animations/BS_Zombie.uasset" 820
"C:/Users/johan/OneDrive/Bureau/New folder/Content/_Main/Zombie/Animations/BS_Zombie.uexp" 821
"C:/Users/johan/OneDrive/Bureau/New folder/Content/_Main/Zombie/Animations/BP_ZombieAnim.uasset" 822
"C:/Users/johan/OneDrive/Bureau/New folder/Content/_Main/Zombie/Animations/BP_ZombieAnim.uexp" 823
"C:/Users/johan/OneDrive/Bureau/New folder/Content/_Main/Zombie/Animations/zombie_dying.uasset" 824
"C:/Users/johan/OneDrive/Bureau/New folder/Content/_Main/Zombie/Animations/zombie_dying.uexp" 825
"C:/Users/johan/OneDrive/Bureau/New folder/Content/_Main/Zombie/Animations/zombie_dying_Montage.uasset" 826
"C:/Users/johan/OneDrive/Bureau/New folder/Content/_Main/Zombie/Animations/zombie_dying_Montage.uexp" 827
"C:/Users/johan/OneDrive/Bureau/New folder/Content/_Main/Zombie/zombie_normal.ubulk" 828
"C:/Users/johan/OneDrive/Bureau/New folder/Content/_Main/Zombie/zombie_normal.uasset" 829
"C:/Users/johan/OneDrive/Bureau/New folder/Content/_Main/Zombie/zombie_normal.uexp" 830
"C:/Users/johan/OneDrive/Bureau/New folder/Content/_Main/Zombie/zombie_diffuse.ubulk" 831
"C:/Users/johan/OneDrive/Bureau/New folder/Content/_Main/Zombie/zombie_diffuse.uasset" 832
"C:/Users/johan/OneDrive/Bureau/New folder/Content/_Main/Zombie/zombie_diffuse.uexp" 833
"C:/Users/johan/OneDrive/Bureau/New folder/Content/_Main/Zombie/zombie_specular.ubulk" 834
"C:/Users/johan/OneDrive/Bureau/New folder/Content/_Main/Zombie/zombie_specular.uasset" 835
"C:/Users/johan/OneDrive/Bureau/New folder/Content/_Main/Zombie/zombie_specular.uexp" 836
"C:/Users/johan/OneDrive/Bureau/New folder/Content/_Main/Zombie/zombie_diffuse_ncl1_1.ubulk" 837
"C:/Users/johan/OneDrive/Bureau/New folder/Content/_Main/Zombie/zombie_diffuse_ncl1_1.uasset" 838
"C:/Users/johan/OneDrive/Bureau/New folder/Content/_Main/Zombie/zombie_diffuse_ncl1_1.uexp" 839
"C:/Users/johan/OneDrive/Bureau/New folder/Content/_Main/Zombie/ZombieGirl_Material_ncl1_1.uasset" 840
"C:/Users/johan/OneDrive/Bureau/New folder/Content/_Main/Zombie/ZombieGirl_Material_ncl1_1.uexp" 841
"C:/Users/johan/OneDrive/Bureau/New folder/Content/_Main/Zombie/ZombieGirl_Material_ncl1_2.uasset" 842
"C:/Users/johan/OneDrive/Bureau/New folder/Content/_Main/Zombie/ZombieGirl_Material_ncl1_2.uexp" 843
"C:/Users/johan/OneDrive/Bureau/New folder/Content/_Main/Zombie/PM_BodyShot.uasset" 844
"C:/Users/johan/OneDrive/Bureau/New folder/Content/_Main/Zombie/PM_BodyShot.uexp" 845
"C:/Users/johan/OneDrive/Bureau/New folder/Content/_Main/Zombie/PM_HeadShot.uasset" 846
"C:/Users/johan/OneDrive/Bureau/New folder/Content/_Main/Zombie/PM_HeadShot.uexp" 847
"C:/Users/johan/OneDrive/Bureau/New folder/Content/_Main/Zombie/zombiegirl_PhysicsAsset.uasset" 848
"C:/Users/johan/OneDrive/Bureau/New folder/Content/_Main/Zombie/zombiegirl_PhysicsAsset.uexp" 849
"C:/Users/johan/OneDrive/Bureau/New folder/Content/_Main/Zombie/ZombieGirl_Material.uasset" 850
"C:/Users/johan/OneDrive/Bureau/New folder/Content/_Main/Zombie/ZombieGirl_Material.uexp" 851
"C:/Users/johan/OneDrive/Bureau/New folder/Content/_Main/Zombie/zombiegirl.uasset" 852
"C:/Users/johan/OneDrive/Bureau/New folder/Content/_Main/Zombie/zombiegirl.uexp" 853
"C:/Users/johan/OneDrive/Bureau/New folder/Content/_Main/Zombie/BP_Zombie1.uasset" 854
"C:/Users/johan/OneDrive/Bureau/New folder/Content/_Main/Zombie/BP_Zombie1.uexp" 855
"C:/Users/johan/OneDrive/Bureau/New folder/Content/_Main/Blueprints/BP_Spawner.uasset" 856
"C:/Users/johan/OneDrive/Bureau/New folder/Content/_Main/Blueprints/BP_Spawner.uexp" 857
"../../../Engine/Plugins/Bridge/Content/MSPresets/MSTextures/Placeholder_Normal.uasset" 858
"../../../Engine/Plugins/Bridge/Content/MSPresets/MSTextures/Placeholder_Normal.uexp" 859
"../../../Engine/Plugins/Bridge/Content/MSPresets/MSTextures/WhitePlaceholder.uasset" 860
"../../../Engine/Plugins/Bridge/Content/MSPresets/MSTextures/WhitePlaceholder.uexp" 861
"../../../Engine/Plugins/Bridge/Content/MSPresets/MSTextures/BlackPlaceholder.uasset" 862
"../../../Engine/Plugins/Bridge/Content/MSPresets/MSTextures/BlackPlaceholder.uexp" 863
"../../../Engine/Plugins/Bridge/Content/MSPresets/M_MS_Default_Material/Functions/MF_ObjAdjustments.uasset" 864
"../../../Engine/Plugins/Bridge/Content/MSPresets/M_MS_Default_Material/Functions/MF_ObjAdjustments.uexp" 865
"C:/Users/johan/OneDrive/Bureau/New folder/Content/MSPresets/M_MS_Default_Material/M_MS_Default_Material.uasset" 866
"C:/Users/johan/OneDrive/Bureau/New folder/Content/MSPresets/M_MS_Default_Material/M_MS_Default_Material.uexp" 867
"C:/Users/johan/OneDrive/Bureau/New folder/Content/Megascans/3D_Assets/Military_Ammo_Can_uephdgehw/T_Military_Ammo_Can_uephdgehw_1K_N.ubulk" 868
"C:/Users/johan/OneDrive/Bureau/New folder/Content/Megascans/3D_Assets/Military_Ammo_Can_uephdgehw/T_Military_Ammo_Can_uephdgehw_1K_N.uasset" 869
"C:/Users/johan/OneDrive/Bureau/New folder/Content/Megascans/3D_Assets/Military_Ammo_Can_uephdgehw/T_Military_Ammo_Can_uephdgehw_1K_N.uexp" 870
"C:/Users/johan/OneDrive/Bureau/New folder/Content/Megascans/3D_Assets/Military_Ammo_Can_uephdgehw/T_MilitaryAmmoCan_uephdgehw_1K_DpR.ubulk" 871
"C:/Users/johan/OneDrive/Bureau/New folder/Content/Megascans/3D_Assets/Military_Ammo_Can_uephdgehw/T_MilitaryAmmoCan_uephdgehw_1K_DpR.uasset" 872
"C:/Users/johan/OneDrive/Bureau/New folder/Content/Megascans/3D_Assets/Military_Ammo_Can_uephdgehw/T_MilitaryAmmoCan_uephdgehw_1K_DpR.uexp" 873
"C:/Users/johan/OneDrive/Bureau/New folder/Content/Megascans/3D_Assets/Military_Ammo_Can_uephdgehw/T_Military_Ammo_Can_uephdgehw_1K_D.ubulk" 874
"C:/Users/johan/OneDrive/Bureau/New folder/Content/Megascans/3D_Assets/Military_Ammo_Can_uephdgehw/T_Military_Ammo_Can_uephdgehw_1K_D.uasset" 875
"C:/Users/johan/OneDrive/Bureau/New folder/Content/Megascans/3D_Assets/Military_Ammo_Can_uephdgehw/T_Military_Ammo_Can_uephdgehw_1K_D.uexp" 876
"C:/Users/johan/OneDrive/Bureau/New folder/Content/Megascans/3D_Assets/Military_Ammo_Can_uephdgehw/MI_Military_Ammo_Can_uephdgehw_1K.uasset" 877
"C:/Users/johan/OneDrive/Bureau/New folder/Content/Megascans/3D_Assets/Military_Ammo_Can_uephdgehw/MI_Military_Ammo_Can_uephdgehw_1K.uexp" 878
"C:/Users/johan/OneDrive/Bureau/New folder/Content/Megascans/3D_Assets/Military_Ammo_Can_uephdgehw/S_Military_Ammo_Can_uephdgehw_lod5_Var1.ubulk" 879
"C:/Users/johan/OneDrive/Bureau/New folder/Content/Megascans/3D_Assets/Military_Ammo_Can_uephdgehw/S_Military_Ammo_Can_uephdgehw_lod5_Var1.uasset" 880
"C:/Users/johan/OneDrive/Bureau/New folder/Content/Megascans/3D_Assets/Military_Ammo_Can_uephdgehw/S_Military_Ammo_Can_uephdgehw_lod5_Var1.uexp" 881
"C:/Users/johan/OneDrive/Bureau/New folder/Content/_Main/Blueprints/BP_AmmoPickup.uasset" 882
"C:/Users/johan/OneDrive/Bureau/New folder/Content/_Main/Blueprints/BP_AmmoPickup.uexp" 883
"C:/Users/johan/OneDrive/Bureau/New folder/Content/_Main/Blueprints/ZombieGameMode.uasset" 884
"C:/Users/johan/OneDrive/Bureau/New folder/Content/_Main/Blueprints/ZombieGameMode.uexp" 885
"C:/Users/johan/OneDrive/Bureau/New folder/Content/_Main/Widgets/overlay.uasset" 886
"C:/Users/johan/OneDrive/Bureau/New folder/Content/_Main/Widgets/overlay.uexp" 887
"C:/Users/johan/OneDrive/Bureau/New folder/Content/_Main/Widgets/W_MainWidget.uasset" 888
"C:/Users/johan/OneDrive/Bureau/New folder/Content/_Main/Widgets/W_MainWidget.uexp" 889
"C:/Users/johan/OneDrive/Bureau/New folder/Content/_Main/Character/Animations/IdleFIre.uasset" 890
"C:/Users/johan/OneDrive/Bureau/New folder/Content/_Main/Character/Animations/IdleFIre.uexp" 891
"C:/Users/johan/OneDrive/Bureau/New folder/Content/_Main/Character/Animations/IdleFIre_Montage1.uasset" 892
"C:/Users/johan/OneDrive/Bureau/New folder/Content/_Main/Character/Animations/IdleFIre_Montage1.uexp" 893
"C:/Users/johan/OneDrive/Bureau/New folder/Content/_Main/Character/Animations/Reload.uasset" 894
"C:/Users/johan/OneDrive/Bureau/New folder/Content/_Main/Character/Animations/Reload.uexp" 895
"C:/Users/johan/OneDrive/Bureau/New folder/Content/_Main/Character/Animations/Reload_Montage.uasset" 896
"C:/Users/johan/OneDrive/Bureau/New folder/Content/_Main/Character/Animations/Reload_Montage.uexp" 897
"C:/Users/johan/OneDrive/Bureau/New folder/Content/MilitaryWeapSilver/Sound/Attenuation/WeaponHandling_att.uasset" 898
"C:/Users/johan/OneDrive/Bureau/New folder/Content/MilitaryWeapSilver/Sound/Attenuation/WeaponHandling_att.uexp" 899
"C:/Users/johan/OneDrive/Bureau/New folder/Content/MilitaryWeapSilver/Sound/Pistol/Wavs/Pistol_ReloadSlideRack02.ubulk" 900
"C:/Users/johan/OneDrive/Bureau/New folder/Content/MilitaryWeapSilver/Sound/Pistol/Wavs/Pistol_ReloadSlideRack02.uasset" 901
"C:/Users/johan/OneDrive/Bureau/New folder/Content/MilitaryWeapSilver/Sound/Pistol/Wavs/Pistol_ReloadSlideRack02.uexp" 902
"C:/Users/johan/OneDrive/Bureau/New folder/Content/MilitaryWeapSilver/Sound/Pistol/Wavs/Pistol_ReloadMagInsert02.ubulk" 903
"C:/Users/johan/OneDrive/Bureau/New folder/Content/MilitaryWeapSilver/Sound/Pistol/Wavs/Pistol_ReloadMagInsert02.uasset" 904
"C:/Users/johan/OneDrive/Bureau/New folder/Content/MilitaryWeapSilver/Sound/Pistol/Wavs/Pistol_ReloadMagInsert02.uexp" 905
"C:/Users/johan/OneDrive/Bureau/New folder/Content/MilitaryWeapSilver/Sound/Pistol/Wavs/Pistol_ReloadSlideRack03.ubulk" 906
"C:/Users/johan/OneDrive/Bureau/New folder/Content/MilitaryWeapSilver/Sound/Pistol/Wavs/Pistol_ReloadSlideRack03.uasset" 907
"C:/Users/johan/OneDrive/Bureau/New folder/Content/MilitaryWeapSilver/Sound/Pistol/Wavs/Pistol_ReloadSlideRack03.uexp" 908
"C:/Users/johan/OneDrive/Bureau/New folder/Content/MilitaryWeapSilver/Sound/Pistol/Wavs/Pistol_ReloadSlideRack01.ubulk" 909
"C:/Users/johan/OneDrive/Bureau/New folder/Content/MilitaryWeapSilver/Sound/Pistol/Wavs/Pistol_ReloadSlideRack01.uasset" 910
"C:/Users/johan/OneDrive/Bureau/New folder/Content/MilitaryWeapSilver/Sound/Pistol/Wavs/Pistol_ReloadSlideRack01.uexp" 911
"C:/Users/johan/OneDrive/Bureau/New folder/Content/MilitaryWeapSilver/Sound/Pistol/Cues/Pistol_ReloadInsert_Cue.uasset" 912
"C:/Users/johan/OneDrive/Bureau/New folder/Content/MilitaryWeapSilver/Sound/Pistol/Cues/Pistol_ReloadInsert_Cue.uexp" 913
"C:/Users/johan/OneDrive/Bureau/New folder/Content/MilitaryWeapSilver/Sound/Pistol/Wavs/Pistol_ReloadMagEject02.ubulk" 914
"C:/Users/johan/OneDrive/Bureau/New folder/Content/MilitaryWeapSilver/Sound/Pistol/Wavs/Pistol_ReloadMagEject02.uasset" 915
"C:/Users/johan/OneDrive/Bureau/New folder/Content/MilitaryWeapSilver/Sound/Pistol/Wavs/Pistol_ReloadMagEject02.uexp" 916
"C:/Users/johan/OneDrive/Bureau/New folder/Content/MilitaryWeapSilver/Sound/Pistol/Wavs/Pistol_ReloadMagEject01.ubulk" 917
"C:/Users/johan/OneDrive/Bureau/New folder/Content/MilitaryWeapSilver/Sound/Pistol/Wavs/Pistol_ReloadMagEject01.uasset" 918
"C:/Users/johan/OneDrive/Bureau/New folder/Content/MilitaryWeapSilver/Sound/Pistol/Wavs/Pistol_ReloadMagEject01.uexp" 919
"C:/Users/johan/OneDrive/Bureau/New folder/Content/MilitaryWeapSilver/Sound/Pistol/Cues/Pistol_ReloadEject_Cue.uasset" 920
"C:/Users/johan/OneDrive/Bureau/New folder/Content/MilitaryWeapSilver/Sound/Pistol/Cues/Pistol_ReloadEject_Cue.uexp" 921
"C:/Users/johan/OneDrive/Bureau/New folder/Content/MilitaryWeapSilver/Weapons/Animations/Reload_Pistol_W.uasset" 922
"C:/Users/johan/OneDrive/Bureau/New folder/Content/MilitaryWeapSilver/Weapons/Animations/Reload_Pistol_W.uexp" 923
"C:/Users/johan/OneDrive/Bureau/New folder/Content/_Main/Character/BP_FirstPersonCharacter.uasset" 924
"C:/Users/johan/OneDrive/Bureau/New folder/Content/_Main/Character/BP_FirstPersonCharacter.uexp" 925
"C:/Users/johan/OneDrive/Bureau/New folder/Content/FirstPersonArms/Character/Mesh/SK_Mannequin_Arms_Skeleton.uasset" 926
"C:/Users/johan/OneDrive/Bureau/New folder/Content/FirstPersonArms/Character/Mesh/SK_Mannequin_Arms_Skeleton.uexp" 927
"C:/Users/johan/OneDrive/Bureau/New folder/Content/FirstPersonArms/Animations/FirstPerson_Fire.uasset" 928
"C:/Users/johan/OneDrive/Bureau/New folder/Content/FirstPersonArms/Animations/FirstPerson_Fire.uexp" 929
"C:/Users/johan/OneDrive/Bureau/New folder/Content/FirstPersonArms/Animations/FirstPersonFire_Montage.uasset" 930
"C:/Users/johan/OneDrive/Bureau/New folder/Content/FirstPersonArms/Animations/FirstPersonFire_Montage.uexp" 931
"C:/Users/johan/OneDrive/Bureau/New folder/Content/FirstPerson/Blueprints/BP_FirstPersonProjectile.uasset" 932
"C:/Users/johan/OneDrive/Bureau/New folder/Content/FirstPerson/Blueprints/BP_FirstPersonProjectile.uexp" 933
"C:/Users/johan/OneDrive/Bureau/New folder/Content/FirstPerson/Blueprints/BP_Rifle.uasset" 934
"C:/Users/johan/OneDrive/Bureau/New folder/Content/FirstPerson/Blueprints/BP_Rifle.uexp" 935
"C:/Users/johan/OneDrive/Bureau/New folder/Content/FirstPerson/Blueprints/BP_FirstPersonGameMode.uasset" 936
"C:/Users/johan/OneDrive/Bureau/New folder/Content/FirstPerson/Blueprints/BP_FirstPersonGameMode.uexp" 937
"C:/Users/johan/OneDrive/Bureau/New folder/Content/LevelPrototyping/Textures/T_GridChecker_A.ubulk" 938
"C:/Users/johan/OneDrive/Bureau/New folder/Content/LevelPrototyping/Textures/T_GridChecker_A.uasset" 939
"C:/Users/johan/OneDrive/Bureau/New folder/Content/LevelPrototyping/Textures/T_GridChecker_A.uexp" 940
"../../../Engine/Content/Functions/Engine_MaterialFunctions01/Gradient/LinearGradient.uasset" 941
"../../../Engine/Content/Functions/Engine_MaterialFunctions01/Gradient/LinearGradient.uexp" 942
"../../../Engine/Content/Functions/Engine_MaterialFunctions01/ImageAdjustment/CheapContrast.uasset" 943
"../../../Engine/Content/Functions/Engine_MaterialFunctions01/ImageAdjustment/CheapContrast.uexp" 944
"C:/Users/johan/OneDrive/Bureau/New folder/Content/LevelPrototyping/Materials/MF_ProcGrid.uasset" 945
"C:/Users/johan/OneDrive/Bureau/New folder/Content/LevelPrototyping/Materials/MF_ProcGrid.uexp" 946
"C:/Users/johan/OneDrive/Bureau/New folder/Content/LevelPrototyping/Materials/M_PrototypeGrid.uasset" 947
"C:/Users/johan/OneDrive/Bureau/New folder/Content/LevelPrototyping/Materials/M_PrototypeGrid.uexp" 948
"C:/Users/johan/OneDrive/Bureau/New folder/Content/LevelPrototyping/Materials/MI_PrototypeGrid_TopDark.uasset" 949
"C:/Users/johan/OneDrive/Bureau/New folder/Content/LevelPrototyping/Materials/MI_PrototypeGrid_TopDark.uexp" 950
"C:/Users/johan/OneDrive/Bureau/New folder/Content/LevelPrototyping/Materials/MI_PrototypeGrid_Gray.uasset" 951
"C:/Users/johan/OneDrive/Bureau/New folder/Content/LevelPrototyping/Materials/MI_PrototypeGrid_Gray.uexp" 952
"C:/Users/johan/OneDrive/Bureau/New folder/Content/LevelPrototyping/Meshes/SM_Ramp.ubulk" 953
"C:/Users/johan/OneDrive/Bureau/New folder/Content/LevelPrototyping/Meshes/SM_Ramp.uasset" 954
"C:/Users/johan/OneDrive/Bureau/New folder/Content/LevelPrototyping/Meshes/SM_Ramp.uexp" 955
"C:/Users/johan/OneDrive/Bureau/New folder/Content/LevelPrototyping/Meshes/SM_QuarterCylinder.ubulk" 956
"C:/Users/johan/OneDrive/Bureau/New folder/Content/LevelPrototyping/Meshes/SM_QuarterCylinder.uasset" 957
"C:/Users/johan/OneDrive/Bureau/New folder/Content/LevelPrototyping/Meshes/SM_QuarterCylinder.uexp" 958
"C:/Users/johan/OneDrive/Bureau/New folder/Content/LevelPrototyping/Meshes/SM_Cube.ubulk" 959
"C:/Users/johan/OneDrive/Bureau/New folder/Content/LevelPrototyping/Meshes/SM_Cube.uasset" 960
"C:/Users/johan/OneDrive/Bureau/New folder/Content/LevelPrototyping/Meshes/SM_Cube.uexp" 961
"C:/Users/johan/OneDrive/Bureau/New folder/Content/LevelPrototyping/Materials/M_Solid.uasset" 962
"C:/Users/johan/OneDrive/Bureau/New folder/Content/LevelPrototyping/Materials/M_Solid.uexp" 963
"C:/Users/johan/OneDrive/Bureau/New folder/Content/LevelPrototyping/Materials/MI_Solid_Blue.uasset" 964
"C:/Users/johan/OneDrive/Bureau/New folder/Content/LevelPrototyping/Materials/MI_Solid_Blue.uexp" 965
"C:/Users/johan/OneDrive/Bureau/New folder/Content/LevelPrototyping/Meshes/SM_ChamferCube.ubulk" 966
"C:/Users/johan/OneDrive/Bureau/New folder/Content/LevelPrototyping/Meshes/SM_ChamferCube.uasset" 967
"C:/Users/johan/OneDrive/Bureau/New folder/Content/LevelPrototyping/Meshes/SM_ChamferCube.uexp" 968
"C:/Users/johan/OneDrive/Bureau/New folder/Content/MilitaryWeapSilver/Weapons/Knife_A_PhysicsAsset.uasset" 969
"C:/Users/johan/OneDrive/Bureau/New folder/Content/MilitaryWeapSilver/Weapons/Knife_A_PhysicsAsset.uexp" 970
"C:/Users/johan/OneDrive/Bureau/New folder/Content/MilitaryWeapSilver/Weapons/Knife_A_Skeleton.uasset" 971
"C:/Users/johan/OneDrive/Bureau/New folder/Content/MilitaryWeapSilver/Weapons/Knife_A_Skeleton.uexp" 972
"C:/Users/johan/OneDrive/Bureau/New folder/Content/MilitaryWeapSilver/Weapons/Textures/Knife_A_Masks.ubulk" 973
"C:/Users/johan/OneDrive/Bureau/New folder/Content/MilitaryWeapSilver/Weapons/Textures/Knife_A_Masks.uasset" 974
"C:/Users/johan/OneDrive/Bureau/New folder/Content/MilitaryWeapSilver/Weapons/Textures/Knife_A_Masks.uexp" 975
"C:/Users/johan/OneDrive/Bureau/New folder/Content/MilitaryWeapSilver/Weapons/Textures/Knife_A_Diff.ubulk" 976
"C:/Users/johan/OneDrive/Bureau/New folder/Content/MilitaryWeapSilver/Weapons/Textures/Knife_A_Diff.uasset" 977
"C:/Users/johan/OneDrive/Bureau/New folder/Content/MilitaryWeapSilver/Weapons/Textures/Knife_A_Diff.uexp" 978
"C:/Users/johan/OneDrive/Bureau/New folder/Content/MilitaryWeapSilver/Weapons/Textures/Knife_A_Norm.ubulk" 979
"C:/Users/johan/OneDrive/Bureau/New folder/Content/MilitaryWeapSilver/Weapons/Textures/Knife_A_Norm.uasset" 980
"C:/Users/johan/OneDrive/Bureau/New folder/Content/MilitaryWeapSilver/Weapons/Textures/Knife_A_Norm.uexp" 981
"C:/Users/johan/OneDrive/Bureau/New folder/Content/MilitaryWeapSilver/Weapons/Materials/M_Knife_01.uasset" 982
"C:/Users/johan/OneDrive/Bureau/New folder/Content/MilitaryWeapSilver/Weapons/Materials/M_Knife_01.uexp" 983
"C:/Users/johan/OneDrive/Bureau/New folder/Content/MilitaryWeapSilver/Weapons/Knife_A.uasset" 984
"C:/Users/johan/OneDrive/Bureau/New folder/Content/MilitaryWeapSilver/Weapons/Knife_A.uexp" 985
"C:/Users/johan/OneDrive/Bureau/New folder/Content/_Main/Blueprints/BP_BuyAmmo.uasset" 986
"C:/Users/johan/OneDrive/Bureau/New folder/Content/_Main/Blueprints/BP_BuyAmmo.uexp" 987
"../../../Engine/Content/Maps/Entry_BuiltData.uasset" 988
"../../../Engine/Content/Maps/Entry_BuiltData.uexp" 989
"../../../Engine/Content/Maps/Entry.uexp" 990
"../../../Engine/Content/Maps/Entry.umap" 991
"../../../Engine/Content/Maps/Templates/HLODs/HLODLayer_Instanced.uasset" 992
"../../../Engine/Content/Maps/Templates/HLODs/HLODLayer_Instanced.uexp" 993
"C:/Users/johan/OneDrive/Bureau/New folder/Content/FirstPerson/Maps/FirstPersonMap.uexp" 994
"C:/Users/johan/OneDrive/Bureau/New folder/Content/FirstPerson/Maps/FirstPersonMap.umap" 995
